This file contains any messages produced by compilers while
running configure, to aid debugging if configure makes a mistake.

It was created by configure, which was
generated by GNU Autoconf 2.72.  Invocation command line was

  $ ./configure

## --------- ##
## Platform. ##
## --------- ##

hostname = thomas-XPS-15-7590
uname -m = x86_64
uname -r = 6.14.0-35-generic
uname -s = Linux
uname -v = #35-Ubuntu SMP PREEMPT_DYNAMIC Sat Oct 11 10:06:31 UTC 2025

/usr/bin/uname -p = x86_64
/bin/uname -X     = unknown

/bin/arch              = x86_64
/usr/bin/arch -k       = unknown
/usr/convex/getsysinfo = unknown
/usr/bin/hostinfo      = unknown
/bin/machine           = unknown
/usr/bin/oslevel       = unknown
/bin/universe          = unknown

PATH: /home/thomas/.bun/bin/
PATH: /home/thomas/.bun/bin/
PATH: /home/thomas/.local/bin/
PATH: /home/thomas/.cargo/bin/
PATH: /home/thomas/.deno/bin/
PATH: /usr/local/sbin/
PATH: /usr/local/bin/
PATH: /usr/sbin/
PATH: /usr/bin/
PATH: /sbin/
PATH: /bin/
PATH: /usr/games/
PATH: /usr/local/games/
PATH: /snap/bin/
PATH: /snap/bin/


## ----------- ##
## Core tests. ##
## ----------- ##

configure:2557: looking for aux files: config.guess config.sub
configure:2570:  trying ./build/
configure:2599:   ./build/config.guess found
configure:2599:   ./build/config.sub found
configure:2717: checking for grep that handles long lines and -e
configure:2783: result: /usr/bin/grep
configure:2788: checking for egrep
configure:2858: result: /usr/bin/grep -E
configure:2865: checking for a sed that does not truncate output
configure:2937: result: /usr/bin/sed
configure:3014: checking build system type
configure:3030: result: x86_64-pc-linux-gnu
configure:3050: checking host system type
configure:3065: result: x86_64-pc-linux-gnu
configure:3085: checking target system type
configure:3100: result: x86_64-pc-linux-gnu
configure:3152: checking for gawk
configure:3189: result: no
configure:3152: checking for nawk
configure:3174: found /usr/bin/nawk
configure:3186: result: nawk
configure:3208: checking if nawk is broken
configure:3218: result: no
configure:3294: checking for pkg-config
configure:3317: found /usr/bin/pkg-config
configure:3330: result: /usr/bin/pkg-config
configure:3355: checking pkg-config is at least version 0.9.0
configure:3358: result: yes
configure:3435: checking for cc
configure:3456: found /usr/bin/cc
configure:3468: result: cc
configure:3499: checking for C compiler version
configure:3508: cc --version >&5
cc (Ubuntu 14.2.0-19ubuntu2) 14.2.0
Copyright (C) 2024 Free Software Foundation, Inc.
This is free software; see the source for copying conditions.  There is NO
warranty; not even for MERCHANTABILITY or FITNESS FOR A PARTICULAR PURPOSE.

configure:3519: $? = 0
configure:3508: cc -v >&5
Using built-in specs.
COLLECT_GCC=cc
COLLECT_LTO_WRAPPER=/usr/libexec/gcc/x86_64-linux-gnu/14/lto-wrapper
OFFLOAD_TARGET_NAMES=nvptx-none:amdgcn-amdhsa
OFFLOAD_TARGET_DEFAULT=1
Target: x86_64-linux-gnu
Configured with: ../src/configure -v --with-pkgversion='Ubuntu 14.2.0-19ubuntu2' --with-bugurl=file:///usr/share/doc/gcc-14/README.Bugs --enable-languages=c,ada,c++,go,d,fortran,objc,obj-c++,m2,rust --prefix=/usr --with-gcc-major-version-only --program-suffix=-14 --program-prefix=x86_64-linux-gnu- --enable-shared --enable-linker-build-id --libexecdir=/usr/libexec --without-included-gettext --enable-threads=posix --libdir=/usr/lib --enable-nls --enable-bootstrap --enable-clocale=gnu --enable-libstdcxx-debug --enable-libstdcxx-time=yes --with-default-libstdcxx-abi=new --enable-libstdcxx-backtrace --enable-gnu-unique-object --disable-vtable-verify --enable-plugin --enable-default-pie --with-system-zlib --enable-libphobos-checking=release --with-target-system-zlib=auto --enable-objc-gc=auto --enable-multiarch --disable-werror --enable-cet --with-arch-32=i686 --with-abi=m64 --with-multilib-list=m32,m64,mx32 --enable-multilib --with-tune=generic --enable-offload-targets=nvptx-none=/build/gcc-14-C86vgL/gcc-14-14.2.0/debian/tmp-nvptx/usr,amdgcn-amdhsa=/build/gcc-14-C86vgL/gcc-14-14.2.0/debian/tmp-gcn/usr --enable-offload-defaulted --without-cuda-driver --enable-checking=release --build=x86_64-linux-gnu --host=x86_64-linux-gnu --target=x86_64-linux-gnu --with-build-config=bootstrap-lto-lean --enable-link-serialization=2
Thread model: posix
Supported LTO compression algorithms: zlib zstd
gcc version 14.2.0 (Ubuntu 14.2.0-19ubuntu2) 
... rest of stderr output deleted ...
configure:3519: $? = 0
configure:3508: cc -V >&5
cc: error: unrecognized command-line option '-V'
cc: fatal error: no input files
compilation terminated.
configure:3519: $? = 1
configure:3508: cc -qversion >&5
cc: error: unrecognized command-line option '-qversion'; did you mean '--version'?
cc: fatal error: no input files
compilation terminated.
configure:3519: $? = 1
configure:3508: cc -version >&5
cc: error: unrecognized command-line option '-version'
cc: fatal error: no input files
compilation terminated.
configure:3519: $? = 1
configure:3539: checking whether the C compiler works
configure:3561: cc    conftest.c  >&5
configure:3565: $? = 0
configure:3616: result: yes
configure:3620: checking for C compiler default output file name
configure:3622: result: a.out
configure:3628: checking for suffix of executables
configure:3635: cc -o conftest    conftest.c  >&5
configure:3639: $? = 0
configure:3663: result: 
configure:3687: checking whether we are cross compiling
configure:3695: cc -o conftest    conftest.c  >&5
configure:3699: $? = 0
configure:3706: ./conftest
configure:3710: $? = 0
configure:3725: result: no
configure:3731: checking for suffix of object files
configure:3754: cc -c   conftest.c >&5
configure:3758: $? = 0
configure:3782: result: o
configure:3786: checking whether the compiler supports GNU C
configure:3806: cc -c   conftest.c >&5
configure:3806: $? = 0
configure:3818: result: yes
configure:3829: checking whether cc accepts -g
configure:3850: cc -c -g  conftest.c >&5
configure:3850: $? = 0
configure:3897: result: yes
configure:3917: checking for cc option to enable C11 features
configure:3932: cc  -c -g -O2  conftest.c >&5
configure:3932: $? = 0
configure:3951: result: none needed
configure:4075: checking how to run the C preprocessor
configure:4101: cc -E  conftest.c
configure:4101: $? = 0
configure:4117: cc -E  conftest.c
conftest.c:9:10: fatal error: ac_nonexistent.h: No such file or directory
    9 | #include <ac_nonexistent.h>
      |          ^~~~~~~~~~~~~~~~~~
compilation terminated.
configure:4117: $? = 1
configure: failed program was:
| /* confdefs.h */
| #define PACKAGE_NAME ""
| #define PACKAGE_TARNAME ""
| #define PACKAGE_VERSION ""
| #define PACKAGE_STRING ""
| #define PACKAGE_BUGREPORT ""
| #define PACKAGE_URL ""
| /* end confdefs.h.  */
| #include <ac_nonexistent.h>
configure:4146: result: cc -E
configure:4160: cc -E  conftest.c
configure:4160: $? = 0
configure:4176: cc -E  conftest.c
conftest.c:9:10: fatal error: ac_nonexistent.h: No such file or directory
    9 | #include <ac_nonexistent.h>
      |          ^~~~~~~~~~~~~~~~~~
compilation terminated.
configure:4176: $? = 1
configure: failed program was:
| /* confdefs.h */
| #define PACKAGE_NAME ""
| #define PACKAGE_TARNAME ""
| #define PACKAGE_VERSION ""
| #define PACKAGE_STRING ""
| #define PACKAGE_BUGREPORT ""
| #define PACKAGE_URL ""
| /* end confdefs.h.  */
| #include <ac_nonexistent.h>
configure:4209: checking for egrep -e
configure:4339: result: /usr/bin/grep -E
configure:4345: checking for icc
configure:4355: result: no
configure:4370: checking for suncc
configure:4380: result: no
configure:4399: checking for system library directory
configure:4416: result: lib
configure:4423: checking if compiler supports -Wl,-rpath,
configure:4443: cc -o conftest -g -O2   conftest.c -Wl,-rpath,/usr/lib  >&5
configure:4443: $? = 0
configure:4456: result: yes
configure:4580: checking for PHP prefix
configure:4582: result: /usr/local
configure:4584: checking for PHP includes
configure:4586: result: -I/usr/local/include/php -I/usr/local/include/php/main -I/usr/local/include/php/TSRM -I/usr/local/include/php/Zend -I/usr/local/include/php/ext -I/usr/local/include/php/ext/date/lib
configure:4588: checking for PHP extension directory
configure:4590: result: /usr/local/lib/php/extensions/no-debug-zts-20240924
configure:4592: checking for PHP installed headers prefix
configure:4594: result: /usr/local/include/php
configure:4597: checking if debugging is enabled
configure:4621: result: no
configure:4624: checking if PHP is built with thread safety (ZTS)
configure:4648: result: yes
configure:4725: result: 
configure:4727: result: [1mConfiguring extension[m
configure:4734: checking for sdl3 support
configure:4776: result: yes, shared
configure:4785: checking for sdl3_image support
configure:4827: result: yes, shared
configure:4836: checking for sdl3_ttf support
configure:4878: result: yes, shared
configure:4891: checking for sdl3 >= 3.0.0
configure:4898: $PKG_CONFIG --exists --print-errors "sdl3 >= 3.0.0"
configure:4901: $? = 0
configure:4915: $PKG_CONFIG --exists --print-errors "sdl3 >= 3.0.0"
configure:4918: $? = 0
configure:4960: result: yes
configure:4967: checking for static SDL3 libs
configure:4971: result: -L/usr/local/lib -Wl,-rpath,/usr/local/lib -Wl,--enable-new-dtags -lSDL3 -pthread -lm 
configure:4987: checking for sdl3-image >= 3.0.0
configure:4994: $PKG_CONFIG --exists --print-errors "sdl3-image >= 3.0.0"
configure:4997: $? = 0
configure:5011: $PKG_CONFIG --exists --print-errors "sdl3-image >= 3.0.0"
configure:5014: $? = 0
configure:5056: result: yes
configure:5063: checking for static SDL3_image libs
configure:5067: result: -L/usr/local/lib -lSDL3_image -Wl,-rpath,/usr/local/lib -Wl,--enable-new-dtags -lSDL3 -pthread -lm 
configure:5084: checking for sdl3-ttf >= 3.0.0
configure:5091: $PKG_CONFIG --exists --print-errors "sdl3-ttf >= 3.0.0"
configure:5094: $? = 0
configure:5108: $PKG_CONFIG --exists --print-errors "sdl3-ttf >= 3.0.0"
configure:5111: $? = 0
configure:5153: result: yes
configure:5160: checking for static SDL3_ttf libs
configure:5164: result: -L/usr/local/lib -lSDL3_ttf -Wl,-rpath,/usr/local/lib -Wl,--enable-new-dtags -lSDL3 -pthread -lm -lharfbuzz -pthread -lm -lz -lz -lm -lz -lbrotlicommon -lglib-2.0 -latomic -lm -pthread -lsysprof-capture-4 -pthread -lpcre2-8 -lgraphite2 -lfreetype -lz -lbz2 -lpng16 -lz -lm -lz -lbrotlidec -lbrotlicommon 
configure:5176: checking for libnotify
configure:5183: $PKG_CONFIG --exists --print-errors "libnotify"
configure:5186: $? = 0
configure:5200: $PKG_CONFIG --exists --print-errors "libnotify"
configure:5203: $? = 0
configure:5247: result: yes
configure:5260: checking for appindicator3-0.1
configure:5267: $PKG_CONFIG --exists --print-errors "appindicator3-0.1"
configure:5270: $? = 0
configure:5284: $PKG_CONFIG --exists --print-errors "appindicator3-0.1"
configure:5287: $? = 0
configure:5331: result: yes
configure:5610: result: 
configure:5612: result: [1mConfiguring libtool[m
configure:5700: checking for a sed that does not truncate output
configure:5756: result: /usr/bin/sed
configure:5772: checking for ld used by cc
configure:5841: result: /usr/bin/ld
configure:5848: checking if the linker (/usr/bin/ld) is GNU ld
configure:5865: result: yes
configure:5870: checking for /usr/bin/ld option to reload object files
configure:5879: result: -r
configure:5897: checking for BSD-compatible nm
configure:5948: result: /usr/bin/nm -B
configure:5952: checking whether ln -s works
configure:5956: result: yes
configure:5963: checking how to recognize dependent libraries
configure:6151: result: pass_all
configure:6236: cc -c -g -O2 -I/usr/local/include  -I/usr/local/include  -I/usr/local/include -I/usr/include/harfbuzz -I/usr/include/freetype2 -I/usr/include/libpng16 -I/usr/include/glib-2.0 -I/usr/lib/x86_64-linux-gnu/glib-2.0/include -I/usr/include/sysprof-6 -pthread  -I/usr/include/gdk-pixbuf-2.0 -I/usr/include/glib-2.0 -I/usr/lib/x86_64-linux-gnu/glib-2.0/include -I/usr/include/sysprof-6 -I/usr/include/libpng16 -I/usr/include/x86_64-linux-gnu -I/usr/include/webp -I/usr/include/libmount -I/usr/include/blkid -pthread  -I/usr/include/libappindicator3-0.1 -I/usr/include/libdbusmenu-glib-0.4 -I/usr/include/gtk-3.0 -I/usr/include/pango-1.0 -I/usr/include/glib-2.0 -I/usr/lib/x86_64-linux-gnu/glib-2.0/include -I/usr/include/sysprof-6 -I/usr/include/harfbuzz -I/usr/include/freetype2 -I/usr/include/libpng16 -I/usr/include/libmount -I/usr/include/blkid -I/usr/include/fribidi -I/usr/include/cairo -I/usr/include/pixman-1 -I/usr/include/gdk-pixbuf-2.0 -I/usr/include/x86_64-linux-gnu -I/usr/include/webp -I/usr/include/gio-unix-2.0 -I/usr/include/atk-1.0 -I/usr/include/at-spi2-atk/2.0 -I/usr/include/at-spi-2.0 -I/usr/include/dbus-1.0 -I/usr/lib/x86_64-linux-gnu/dbus-1.0/include -pthread   conftest.c >&5
configure:6239: $? = 0
configure:6376: checking for stdio.h
configure:6376: cc -c -g -O2 -I/usr/local/include  -I/usr/local/include  -I/usr/local/include -I/usr/include/harfbuzz -I/usr/include/freetype2 -I/usr/include/libpng16 -I/usr/include/glib-2.0 -I/usr/lib/x86_64-linux-gnu/glib-2.0/include -I/usr/include/sysprof-6 -pthread  -I/usr/include/gdk-pixbuf-2.0 -I/usr/include/glib-2.0 -I/usr/lib/x86_64-linux-gnu/glib-2.0/include -I/usr/include/sysprof-6 -I/usr/include/libpng16 -I/usr/include/x86_64-linux-gnu -I/usr/include/webp -I/usr/include/libmount -I/usr/include/blkid -pthread  -I/usr/include/libappindicator3-0.1 -I/usr/include/libdbusmenu-glib-0.4 -I/usr/include/gtk-3.0 -I/usr/include/pango-1.0 -I/usr/include/glib-2.0 -I/usr/lib/x86_64-linux-gnu/glib-2.0/include -I/usr/include/sysprof-6 -I/usr/include/harfbuzz -I/usr/include/freetype2 -I/usr/include/libpng16 -I/usr/include/libmount -I/usr/include/blkid -I/usr/include/fribidi -I/usr/include/cairo -I/usr/include/pixman-1 -I/usr/include/gdk-pixbuf-2.0 -I/usr/include/x86_64-linux-gnu -I/usr/include/webp -I/usr/include/gio-unix-2.0 -I/usr/include/atk-1.0 -I/usr/include/at-spi2-atk/2.0 -I/usr/include/at-spi-2.0 -I/usr/include/dbus-1.0 -I/usr/lib/x86_64-linux-gnu/dbus-1.0/include -pthread   conftest.c >&5
configure:6376: $? = 0
configure:6376: result: yes
configure:6376: checking for stdlib.h
configure:6376: cc -c -g -O2 -I/usr/local/include  -I/usr/local/include  -I/usr/local/include -I/usr/include/harfbuzz -I/usr/include/freetype2 -I/usr/include/libpng16 -I/usr/include/glib-2.0 -I/usr/lib/x86_64-linux-gnu/glib-2.0/include -I/usr/include/sysprof-6 -pthread  -I/usr/include/gdk-pixbuf-2.0 -I/usr/include/glib-2.0 -I/usr/lib/x86_64-linux-gnu/glib-2.0/include -I/usr/include/sysprof-6 -I/usr/include/libpng16 -I/usr/include/x86_64-linux-gnu -I/usr/include/webp -I/usr/include/libmount -I/usr/include/blkid -pthread  -I/usr/include/libappindicator3-0.1 -I/usr/include/libdbusmenu-glib-0.4 -I/usr/include/gtk-3.0 -I/usr/include/pango-1.0 -I/usr/include/glib-2.0 -I/usr/lib/x86_64-linux-gnu/glib-2.0/include -I/usr/include/sysprof-6 -I/usr/include/harfbuzz -I/usr/include/freetype2 -I/usr/include/libpng16 -I/usr/include/libmount -I/usr/include/blkid -I/usr/include/fribidi -I/usr/include/cairo -I/usr/include/pixman-1 -I/usr/include/gdk-pixbuf-2.0 -I/usr/include/x86_64-linux-gnu -I/usr/include/webp -I/usr/include/gio-unix-2.0 -I/usr/include/atk-1.0 -I/usr/include/at-spi2-atk/2.0 -I/usr/include/at-spi-2.0 -I/usr/include/dbus-1.0 -I/usr/lib/x86_64-linux-gnu/dbus-1.0/include -pthread   conftest.c >&5
configure:6376: $? = 0
configure:6376: result: yes
configure:6376: checking for string.h
configure:6376: cc -c -g -O2 -I/usr/local/include  -I/usr/local/include  -I/usr/local/include -I/usr/include/harfbuzz -I/usr/include/freetype2 -I/usr/include/libpng16 -I/usr/include/glib-2.0 -I/usr/lib/x86_64-linux-gnu/glib-2.0/include -I/usr/include/sysprof-6 -pthread  -I/usr/include/gdk-pixbuf-2.0 -I/usr/include/glib-2.0 -I/usr/lib/x86_64-linux-gnu/glib-2.0/include -I/usr/include/sysprof-6 -I/usr/include/libpng16 -I/usr/include/x86_64-linux-gnu -I/usr/include/webp -I/usr/include/libmount -I/usr/include/blkid -pthread  -I/usr/include/libappindicator3-0.1 -I/usr/include/libdbusmenu-glib-0.4 -I/usr/include/gtk-3.0 -I/usr/include/pango-1.0 -I/usr/include/glib-2.0 -I/usr/lib/x86_64-linux-gnu/glib-2.0/include -I/usr/include/sysprof-6 -I/usr/include/harfbuzz -I/usr/include/freetype2 -I/usr/include/libpng16 -I/usr/include/libmount -I/usr/include/blkid -I/usr/include/fribidi -I/usr/include/cairo -I/usr/include/pixman-1 -I/usr/include/gdk-pixbuf-2.0 -I/usr/include/x86_64-linux-gnu -I/usr/include/webp -I/usr/include/gio-unix-2.0 -I/usr/include/atk-1.0 -I/usr/include/at-spi2-atk/2.0 -I/usr/include/at-spi-2.0 -I/usr/include/dbus-1.0 -I/usr/lib/x86_64-linux-gnu/dbus-1.0/include -pthread   conftest.c >&5
configure:6376: $? = 0
configure:6376: result: yes
configure:6376: checking for inttypes.h
configure:6376: cc -c -g -O2 -I/usr/local/include  -I/usr/local/include  -I/usr/local/include -I/usr/include/harfbuzz -I/usr/include/freetype2 -I/usr/include/libpng16 -I/usr/include/glib-2.0 -I/usr/lib/x86_64-linux-gnu/glib-2.0/include -I/usr/include/sysprof-6 -pthread  -I/usr/include/gdk-pixbuf-2.0 -I/usr/include/glib-2.0 -I/usr/lib/x86_64-linux-gnu/glib-2.0/include -I/usr/include/sysprof-6 -I/usr/include/libpng16 -I/usr/include/x86_64-linux-gnu -I/usr/include/webp -I/usr/include/libmount -I/usr/include/blkid -pthread  -I/usr/include/libappindicator3-0.1 -I/usr/include/libdbusmenu-glib-0.4 -I/usr/include/gtk-3.0 -I/usr/include/pango-1.0 -I/usr/include/glib-2.0 -I/usr/lib/x86_64-linux-gnu/glib-2.0/include -I/usr/include/sysprof-6 -I/usr/include/harfbuzz -I/usr/include/freetype2 -I/usr/include/libpng16 -I/usr/include/libmount -I/usr/include/blkid -I/usr/include/fribidi -I/usr/include/cairo -I/usr/include/pixman-1 -I/usr/include/gdk-pixbuf-2.0 -I/usr/include/x86_64-linux-gnu -I/usr/include/webp -I/usr/include/gio-unix-2.0 -I/usr/include/atk-1.0 -I/usr/include/at-spi2-atk/2.0 -I/usr/include/at-spi-2.0 -I/usr/include/dbus-1.0 -I/usr/lib/x86_64-linux-gnu/dbus-1.0/include -pthread   conftest.c >&5
configure:6376: $? = 0
configure:6376: result: yes
configure:6376: checking for stdint.h
configure:6376: cc -c -g -O2 -I/usr/local/include  -I/usr/local/include  -I/usr/local/include -I/usr/include/harfbuzz -I/usr/include/freetype2 -I/usr/include/libpng16 -I/usr/include/glib-2.0 -I/usr/lib/x86_64-linux-gnu/glib-2.0/include -I/usr/include/sysprof-6 -pthread  -I/usr/include/gdk-pixbuf-2.0 -I/usr/include/glib-2.0 -I/usr/lib/x86_64-linux-gnu/glib-2.0/include -I/usr/include/sysprof-6 -I/usr/include/libpng16 -I/usr/include/x86_64-linux-gnu -I/usr/include/webp -I/usr/include/libmount -I/usr/include/blkid -pthread  -I/usr/include/libappindicator3-0.1 -I/usr/include/libdbusmenu-glib-0.4 -I/usr/include/gtk-3.0 -I/usr/include/pango-1.0 -I/usr/include/glib-2.0 -I/usr/lib/x86_64-linux-gnu/glib-2.0/include -I/usr/include/sysprof-6 -I/usr/include/harfbuzz -I/usr/include/freetype2 -I/usr/include/libpng16 -I/usr/include/libmount -I/usr/include/blkid -I/usr/include/fribidi -I/usr/include/cairo -I/usr/include/pixman-1 -I/usr/include/gdk-pixbuf-2.0 -I/usr/include/x86_64-linux-gnu -I/usr/include/webp -I/usr/include/gio-unix-2.0 -I/usr/include/atk-1.0 -I/usr/include/at-spi2-atk/2.0 -I/usr/include/at-spi-2.0 -I/usr/include/dbus-1.0 -I/usr/lib/x86_64-linux-gnu/dbus-1.0/include -pthread   conftest.c >&5
configure:6376: $? = 0
configure:6376: result: yes
configure:6376: checking for strings.h
configure:6376: cc -c -g -O2 -I/usr/local/include  -I/usr/local/include  -I/usr/local/include -I/usr/include/harfbuzz -I/usr/include/freetype2 -I/usr/include/libpng16 -I/usr/include/glib-2.0 -I/usr/lib/x86_64-linux-gnu/glib-2.0/include -I/usr/include/sysprof-6 -pthread  -I/usr/include/gdk-pixbuf-2.0 -I/usr/include/glib-2.0 -I/usr/lib/x86_64-linux-gnu/glib-2.0/include -I/usr/include/sysprof-6 -I/usr/include/libpng16 -I/usr/include/x86_64-linux-gnu -I/usr/include/webp -I/usr/include/libmount -I/usr/include/blkid -pthread  -I/usr/include/libappindicator3-0.1 -I/usr/include/libdbusmenu-glib-0.4 -I/usr/include/gtk-3.0 -I/usr/include/pango-1.0 -I/usr/include/glib-2.0 -I/usr/lib/x86_64-linux-gnu/glib-2.0/include -I/usr/include/sysprof-6 -I/usr/include/harfbuzz -I/usr/include/freetype2 -I/usr/include/libpng16 -I/usr/include/libmount -I/usr/include/blkid -I/usr/include/fribidi -I/usr/include/cairo -I/usr/include/pixman-1 -I/usr/include/gdk-pixbuf-2.0 -I/usr/include/x86_64-linux-gnu -I/usr/include/webp -I/usr/include/gio-unix-2.0 -I/usr/include/atk-1.0 -I/usr/include/at-spi2-atk/2.0 -I/usr/include/at-spi-2.0 -I/usr/include/dbus-1.0 -I/usr/lib/x86_64-linux-gnu/dbus-1.0/include -pthread   conftest.c >&5
configure:6376: $? = 0
configure:6376: result: yes
configure:6376: checking for sys/stat.h
configure:6376: cc -c -g -O2 -I/usr/local/include  -I/usr/local/include  -I/usr/local/include -I/usr/include/harfbuzz -I/usr/include/freetype2 -I/usr/include/libpng16 -I/usr/include/glib-2.0 -I/usr/lib/x86_64-linux-gnu/glib-2.0/include -I/usr/include/sysprof-6 -pthread  -I/usr/include/gdk-pixbuf-2.0 -I/usr/include/glib-2.0 -I/usr/lib/x86_64-linux-gnu/glib-2.0/include -I/usr/include/sysprof-6 -I/usr/include/libpng16 -I/usr/include/x86_64-linux-gnu -I/usr/include/webp -I/usr/include/libmount -I/usr/include/blkid -pthread  -I/usr/include/libappindicator3-0.1 -I/usr/include/libdbusmenu-glib-0.4 -I/usr/include/gtk-3.0 -I/usr/include/pango-1.0 -I/usr/include/glib-2.0 -I/usr/lib/x86_64-linux-gnu/glib-2.0/include -I/usr/include/sysprof-6 -I/usr/include/harfbuzz -I/usr/include/freetype2 -I/usr/include/libpng16 -I/usr/include/libmount -I/usr/include/blkid -I/usr/include/fribidi -I/usr/include/cairo -I/usr/include/pixman-1 -I/usr/include/gdk-pixbuf-2.0 -I/usr/include/x86_64-linux-gnu -I/usr/include/webp -I/usr/include/gio-unix-2.0 -I/usr/include/atk-1.0 -I/usr/include/at-spi2-atk/2.0 -I/usr/include/at-spi-2.0 -I/usr/include/dbus-1.0 -I/usr/lib/x86_64-linux-gnu/dbus-1.0/include -pthread   conftest.c >&5
configure:6376: $? = 0
configure:6376: result: yes
configure:6376: checking for sys/types.h
configure:6376: cc -c -g -O2 -I/usr/local/include  -I/usr/local/include  -I/usr/local/include -I/usr/include/harfbuzz -I/usr/include/freetype2 -I/usr/include/libpng16 -I/usr/include/glib-2.0 -I/usr/lib/x86_64-linux-gnu/glib-2.0/include -I/usr/include/sysprof-6 -pthread  -I/usr/include/gdk-pixbuf-2.0 -I/usr/include/glib-2.0 -I/usr/lib/x86_64-linux-gnu/glib-2.0/include -I/usr/include/sysprof-6 -I/usr/include/libpng16 -I/usr/include/x86_64-linux-gnu -I/usr/include/webp -I/usr/include/libmount -I/usr/include/blkid -pthread  -I/usr/include/libappindicator3-0.1 -I/usr/include/libdbusmenu-glib-0.4 -I/usr/include/gtk-3.0 -I/usr/include/pango-1.0 -I/usr/include/glib-2.0 -I/usr/lib/x86_64-linux-gnu/glib-2.0/include -I/usr/include/sysprof-6 -I/usr/include/harfbuzz -I/usr/include/freetype2 -I/usr/include/libpng16 -I/usr/include/libmount -I/usr/include/blkid -I/usr/include/fribidi -I/usr/include/cairo -I/usr/include/pixman-1 -I/usr/include/gdk-pixbuf-2.0 -I/usr/include/x86_64-linux-gnu -I/usr/include/webp -I/usr/include/gio-unix-2.0 -I/usr/include/atk-1.0 -I/usr/include/at-spi2-atk/2.0 -I/usr/include/at-spi-2.0 -I/usr/include/dbus-1.0 -I/usr/lib/x86_64-linux-gnu/dbus-1.0/include -pthread   conftest.c >&5
configure:6376: $? = 0
configure:6376: result: yes
configure:6376: checking for unistd.h
configure:6376: cc -c -g -O2 -I/usr/local/include  -I/usr/local/include  -I/usr/local/include -I/usr/include/harfbuzz -I/usr/include/freetype2 -I/usr/include/libpng16 -I/usr/include/glib-2.0 -I/usr/lib/x86_64-linux-gnu/glib-2.0/include -I/usr/include/sysprof-6 -pthread  -I/usr/include/gdk-pixbuf-2.0 -I/usr/include/glib-2.0 -I/usr/lib/x86_64-linux-gnu/glib-2.0/include -I/usr/include/sysprof-6 -I/usr/include/libpng16 -I/usr/include/x86_64-linux-gnu -I/usr/include/webp -I/usr/include/libmount -I/usr/include/blkid -pthread  -I/usr/include/libappindicator3-0.1 -I/usr/include/libdbusmenu-glib-0.4 -I/usr/include/gtk-3.0 -I/usr/include/pango-1.0 -I/usr/include/glib-2.0 -I/usr/lib/x86_64-linux-gnu/glib-2.0/include -I/usr/include/sysprof-6 -I/usr/include/harfbuzz -I/usr/include/freetype2 -I/usr/include/libpng16 -I/usr/include/libmount -I/usr/include/blkid -I/usr/include/fribidi -I/usr/include/cairo -I/usr/include/pixman-1 -I/usr/include/gdk-pixbuf-2.0 -I/usr/include/x86_64-linux-gnu -I/usr/include/webp -I/usr/include/gio-unix-2.0 -I/usr/include/atk-1.0 -I/usr/include/at-spi2-atk/2.0 -I/usr/include/at-spi-2.0 -I/usr/include/dbus-1.0 -I/usr/lib/x86_64-linux-gnu/dbus-1.0/include -pthread   conftest.c >&5
configure:6376: $? = 0
configure:6376: result: yes
configure:6401: checking for dlfcn.h
configure:6401: cc -c -g -O2 -I/usr/local/include  -I/usr/local/include  -I/usr/local/include -I/usr/include/harfbuzz -I/usr/include/freetype2 -I/usr/include/libpng16 -I/usr/include/glib-2.0 -I/usr/lib/x86_64-linux-gnu/glib-2.0/include -I/usr/include/sysprof-6 -pthread  -I/usr/include/gdk-pixbuf-2.0 -I/usr/include/glib-2.0 -I/usr/lib/x86_64-linux-gnu/glib-2.0/include -I/usr/include/sysprof-6 -I/usr/include/libpng16 -I/usr/include/x86_64-linux-gnu -I/usr/include/webp -I/usr/include/libmount -I/usr/include/blkid -pthread  -I/usr/include/libappindicator3-0.1 -I/usr/include/libdbusmenu-glib-0.4 -I/usr/include/gtk-3.0 -I/usr/include/pango-1.0 -I/usr/include/glib-2.0 -I/usr/lib/x86_64-linux-gnu/glib-2.0/include -I/usr/include/sysprof-6 -I/usr/include/harfbuzz -I/usr/include/freetype2 -I/usr/include/libpng16 -I/usr/include/libmount -I/usr/include/blkid -I/usr/include/fribidi -I/usr/include/cairo -I/usr/include/pixman-1 -I/usr/include/gdk-pixbuf-2.0 -I/usr/include/x86_64-linux-gnu -I/usr/include/webp -I/usr/include/gio-unix-2.0 -I/usr/include/atk-1.0 -I/usr/include/at-spi2-atk/2.0 -I/usr/include/at-spi-2.0 -I/usr/include/dbus-1.0 -I/usr/lib/x86_64-linux-gnu/dbus-1.0/include -pthread   conftest.c >&5
configure:6401: $? = 0
configure:6401: result: yes
configure:6420: checking the maximum length of command line arguments
configure:6534: result: 1572864
configure:6546: checking command to parse /usr/bin/nm -B output from cc object
configure:6652: cc -c -g -O2 -I/usr/local/include  -I/usr/local/include  -I/usr/local/include -I/usr/include/harfbuzz -I/usr/include/freetype2 -I/usr/include/libpng16 -I/usr/include/glib-2.0 -I/usr/lib/x86_64-linux-gnu/glib-2.0/include -I/usr/include/sysprof-6 -pthread  -I/usr/include/gdk-pixbuf-2.0 -I/usr/include/glib-2.0 -I/usr/lib/x86_64-linux-gnu/glib-2.0/include -I/usr/include/sysprof-6 -I/usr/include/libpng16 -I/usr/include/x86_64-linux-gnu -I/usr/include/webp -I/usr/include/libmount -I/usr/include/blkid -pthread  -I/usr/include/libappindicator3-0.1 -I/usr/include/libdbusmenu-glib-0.4 -I/usr/include/gtk-3.0 -I/usr/include/pango-1.0 -I/usr/include/glib-2.0 -I/usr/lib/x86_64-linux-gnu/glib-2.0/include -I/usr/include/sysprof-6 -I/usr/include/harfbuzz -I/usr/include/freetype2 -I/usr/include/libpng16 -I/usr/include/libmount -I/usr/include/blkid -I/usr/include/fribidi -I/usr/include/cairo -I/usr/include/pixman-1 -I/usr/include/gdk-pixbuf-2.0 -I/usr/include/x86_64-linux-gnu -I/usr/include/webp -I/usr/include/gio-unix-2.0 -I/usr/include/atk-1.0 -I/usr/include/at-spi2-atk/2.0 -I/usr/include/at-spi-2.0 -I/usr/include/dbus-1.0 -I/usr/lib/x86_64-linux-gnu/dbus-1.0/include -pthread   conftest.c >&5
configure:6655: $? = 0
configure:6659: /usr/bin/nm -B conftest.o \| sed -n -e 's/^.*[ 	]\([ABCDGIRSTW][ABCDGIRSTW]*\)[ 	][ 	]*\([_A-Za-z][_A-Za-z0-9]*\)$/\1 \2 \2/p' \> conftest.nm
configure:6662: $? = 0
configure:6714: cc -o conftest -g -O2 -I/usr/local/include  -I/usr/local/include  -I/usr/local/include -I/usr/include/harfbuzz -I/usr/include/freetype2 -I/usr/include/libpng16 -I/usr/include/glib-2.0 -I/usr/lib/x86_64-linux-gnu/glib-2.0/include -I/usr/include/sysprof-6 -pthread  -I/usr/include/gdk-pixbuf-2.0 -I/usr/include/glib-2.0 -I/usr/lib/x86_64-linux-gnu/glib-2.0/include -I/usr/include/sysprof-6 -I/usr/include/libpng16 -I/usr/include/x86_64-linux-gnu -I/usr/include/webp -I/usr/include/libmount -I/usr/include/blkid -pthread  -I/usr/include/libappindicator3-0.1 -I/usr/include/libdbusmenu-glib-0.4 -I/usr/include/gtk-3.0 -I/usr/include/pango-1.0 -I/usr/include/glib-2.0 -I/usr/lib/x86_64-linux-gnu/glib-2.0/include -I/usr/include/sysprof-6 -I/usr/include/harfbuzz -I/usr/include/freetype2 -I/usr/include/libpng16 -I/usr/include/libmount -I/usr/include/blkid -I/usr/include/fribidi -I/usr/include/cairo -I/usr/include/pixman-1 -I/usr/include/gdk-pixbuf-2.0 -I/usr/include/x86_64-linux-gnu -I/usr/include/webp -I/usr/include/gio-unix-2.0 -I/usr/include/atk-1.0 -I/usr/include/at-spi2-atk/2.0 -I/usr/include/at-spi-2.0 -I/usr/include/dbus-1.0 -I/usr/lib/x86_64-linux-gnu/dbus-1.0/include -pthread    -L/usr/local/lib -Wl,-rpath,/usr/local/lib -Wl,--enable-new-dtags -lSDL3 -pthread -lm  -L/usr/local/lib -lSDL3_image -Wl,-rpath,/usr/local/lib -Wl,--enable-new-dtags -lSDL3 -pthread -lm  -L/usr/local/lib -lSDL3_ttf -Wl,-rpath,/usr/local/lib -Wl,--enable-new-dtags -lSDL3 -pthread -lm -lharfbuzz -pthread -lm -lz -lz -lm -lz -lbrotlicommon -lglib-2.0 -latomic -lm -pthread -lsysprof-capture-4 -pthread -lpcre2-8 -lgraphite2 -lfreetype -lz -lbz2 -lpng16 -lz -lm -lz -lbrotlidec -lbrotlicommon  -lnotify -lgdk_pixbuf-2.0 -lgio-2.0 -lgobject-2.0 -lglib-2.0  -lappindicator3 -ldbusmenu-glib -lgtk-3 -lgdk-3 -lz -lpangocairo-1.0 -lpango-1.0 -lharfbuzz -latk-1.0 -lcairo-gobject -lcairo -lgdk_pixbuf-2.0 -lgio-2.0 -lgobject-2.0 -lglib-2.0  conftest.c conftstm.o >&5
configure:6717: $? = 0
configure:6756: result: ok
configure:6760: checking for objdir
configure:6777: result: .libs
configure:6875: checking for ar
configure:6896: found /usr/bin/ar
configure:6908: result: ar
configure:6979: checking for ranlib
configure:7000: found /usr/bin/ranlib
configure:7012: result: ranlib
configure:7083: checking for strip
configure:7104: found /usr/bin/strip
configure:7116: result: strip
configure:7719: checking if cc supports -fno-rtti -fno-exceptions
configure:7738: cc -c -g -O2 -I/usr/local/include  -I/usr/local/include  -I/usr/local/include -I/usr/include/harfbuzz -I/usr/include/freetype2 -I/usr/include/libpng16 -I/usr/include/glib-2.0 -I/usr/lib/x86_64-linux-gnu/glib-2.0/include -I/usr/include/sysprof-6 -pthread  -I/usr/include/gdk-pixbuf-2.0 -I/usr/include/glib-2.0 -I/usr/lib/x86_64-linux-gnu/glib-2.0/include -I/usr/include/sysprof-6 -I/usr/include/libpng16 -I/usr/include/x86_64-linux-gnu -I/usr/include/webp -I/usr/include/libmount -I/usr/include/blkid -pthread  -I/usr/include/libappindicator3-0.1 -I/usr/include/libdbusmenu-glib-0.4 -I/usr/include/gtk-3.0 -I/usr/include/pango-1.0 -I/usr/include/glib-2.0 -I/usr/lib/x86_64-linux-gnu/glib-2.0/include -I/usr/include/sysprof-6 -I/usr/include/harfbuzz -I/usr/include/freetype2 -I/usr/include/libpng16 -I/usr/include/libmount -I/usr/include/blkid -I/usr/include/fribidi -I/usr/include/cairo -I/usr/include/pixman-1 -I/usr/include/gdk-pixbuf-2.0 -I/usr/include/x86_64-linux-gnu -I/usr/include/webp -I/usr/include/gio-unix-2.0 -I/usr/include/atk-1.0 -I/usr/include/at-spi2-atk/2.0 -I/usr/include/at-spi-2.0 -I/usr/include/dbus-1.0 -I/usr/lib/x86_64-linux-gnu/dbus-1.0/include -pthread   -fno-rtti -fno-exceptions conftest.c >&5
cc1: warning: command-line option '-fno-rtti' is valid for C++/D/ObjC++ but not for C
configure:7742: $? = 0
configure:7756: result: no
configure:7771: checking for cc option to produce PIC
configure:8011: result: -fPIC
configure:8019: checking if cc PIC flag -fPIC works
configure:8038: cc -c -g -O2 -I/usr/local/include  -I/usr/local/include  -I/usr/local/include -I/usr/include/harfbuzz -I/usr/include/freetype2 -I/usr/include/libpng16 -I/usr/include/glib-2.0 -I/usr/lib/x86_64-linux-gnu/glib-2.0/include -I/usr/include/sysprof-6 -pthread  -I/usr/include/gdk-pixbuf-2.0 -I/usr/include/glib-2.0 -I/usr/lib/x86_64-linux-gnu/glib-2.0/include -I/usr/include/sysprof-6 -I/usr/include/libpng16 -I/usr/include/x86_64-linux-gnu -I/usr/include/webp -I/usr/include/libmount -I/usr/include/blkid -pthread  -I/usr/include/libappindicator3-0.1 -I/usr/include/libdbusmenu-glib-0.4 -I/usr/include/gtk-3.0 -I/usr/include/pango-1.0 -I/usr/include/glib-2.0 -I/usr/lib/x86_64-linux-gnu/glib-2.0/include -I/usr/include/sysprof-6 -I/usr/include/harfbuzz -I/usr/include/freetype2 -I/usr/include/libpng16 -I/usr/include/libmount -I/usr/include/blkid -I/usr/include/fribidi -I/usr/include/cairo -I/usr/include/pixman-1 -I/usr/include/gdk-pixbuf-2.0 -I/usr/include/x86_64-linux-gnu -I/usr/include/webp -I/usr/include/gio-unix-2.0 -I/usr/include/atk-1.0 -I/usr/include/at-spi2-atk/2.0 -I/usr/include/at-spi-2.0 -I/usr/include/dbus-1.0 -I/usr/lib/x86_64-linux-gnu/dbus-1.0/include -pthread   -fPIC -DPIC conftest.c >&5
configure:8042: $? = 0
configure:8056: result: yes
configure:8084: checking if cc static flag -static works
configure:8114: result: no
configure:8124: checking if cc supports -c -o file.o
configure:8146: cc -c -g -O2 -I/usr/local/include  -I/usr/local/include  -I/usr/local/include -I/usr/include/harfbuzz -I/usr/include/freetype2 -I/usr/include/libpng16 -I/usr/include/glib-2.0 -I/usr/lib/x86_64-linux-gnu/glib-2.0/include -I/usr/include/sysprof-6 -pthread  -I/usr/include/gdk-pixbuf-2.0 -I/usr/include/glib-2.0 -I/usr/lib/x86_64-linux-gnu/glib-2.0/include -I/usr/include/sysprof-6 -I/usr/include/libpng16 -I/usr/include/x86_64-linux-gnu -I/usr/include/webp -I/usr/include/libmount -I/usr/include/blkid -pthread  -I/usr/include/libappindicator3-0.1 -I/usr/include/libdbusmenu-glib-0.4 -I/usr/include/gtk-3.0 -I/usr/include/pango-1.0 -I/usr/include/glib-2.0 -I/usr/lib/x86_64-linux-gnu/glib-2.0/include -I/usr/include/sysprof-6 -I/usr/include/harfbuzz -I/usr/include/freetype2 -I/usr/include/libpng16 -I/usr/include/libmount -I/usr/include/blkid -I/usr/include/fribidi -I/usr/include/cairo -I/usr/include/pixman-1 -I/usr/include/gdk-pixbuf-2.0 -I/usr/include/x86_64-linux-gnu -I/usr/include/webp -I/usr/include/gio-unix-2.0 -I/usr/include/atk-1.0 -I/usr/include/at-spi2-atk/2.0 -I/usr/include/at-spi-2.0 -I/usr/include/dbus-1.0 -I/usr/lib/x86_64-linux-gnu/dbus-1.0/include -pthread   -o out/conftest2.o conftest.c >&5
configure:8150: $? = 0
configure:8173: result: yes
configure:8199: checking whether the cc linker (/usr/bin/ld -m elf_x86_64) supports shared libraries
configure:9127: result: yes
configure:9148: checking whether -lc should be explicitly linked in
configure:9153: cc -c -g -O2 -I/usr/local/include  -I/usr/local/include  -I/usr/local/include -I/usr/include/harfbuzz -I/usr/include/freetype2 -I/usr/include/libpng16 -I/usr/include/glib-2.0 -I/usr/lib/x86_64-linux-gnu/glib-2.0/include -I/usr/include/sysprof-6 -pthread  -I/usr/include/gdk-pixbuf-2.0 -I/usr/include/glib-2.0 -I/usr/lib/x86_64-linux-gnu/glib-2.0/include -I/usr/include/sysprof-6 -I/usr/include/libpng16 -I/usr/include/x86_64-linux-gnu -I/usr/include/webp -I/usr/include/libmount -I/usr/include/blkid -pthread  -I/usr/include/libappindicator3-0.1 -I/usr/include/libdbusmenu-glib-0.4 -I/usr/include/gtk-3.0 -I/usr/include/pango-1.0 -I/usr/include/glib-2.0 -I/usr/lib/x86_64-linux-gnu/glib-2.0/include -I/usr/include/sysprof-6 -I/usr/include/harfbuzz -I/usr/include/freetype2 -I/usr/include/libpng16 -I/usr/include/libmount -I/usr/include/blkid -I/usr/include/fribidi -I/usr/include/cairo -I/usr/include/pixman-1 -I/usr/include/gdk-pixbuf-2.0 -I/usr/include/x86_64-linux-gnu -I/usr/include/webp -I/usr/include/gio-unix-2.0 -I/usr/include/atk-1.0 -I/usr/include/at-spi2-atk/2.0 -I/usr/include/at-spi-2.0 -I/usr/include/dbus-1.0 -I/usr/lib/x86_64-linux-gnu/dbus-1.0/include -pthread   conftest.c >&5
configure:9156: $? = 0
configure:9171: cc -shared conftest.o  -v -Wl,-soname -Wl,conftest -o conftest 2\>\&1 \| grep  -lc  \>/dev/null 2\>\&1
configure:9174: $? = 0
configure:9186: result: no
configure:9194: checking dynamic linker characteristics
configure:9803: result: GNU/Linux ld.so
configure:9831: checking how to hardcode library paths into programs
configure:9856: result: immediate
configure:9870: checking whether stripping libraries is possible
configure:9875: result: yes
configure:10438: checking if libtool supports shared libraries
configure:10440: result: yes
configure:10443: checking whether to build shared libraries
configure:10464: result: yes
configure:10467: checking whether to build static libraries
configure:10471: result: no
configure:10565: result:
creating libtool
configure:14209: result: 
configure:14211: result: [1mGenerating files[m
configure:14328: creating build directories
configure:14333: creating Makefile
configure:14349: patching config.h.in
configure:14360: creating ./config.status

## ---------------------- ##
## Running config.status. ##
## ---------------------- ##

This file was extended by config.status, which was
generated by GNU Autoconf 2.72.  Invocation command line was

  CONFIG_FILES    = 
  CONFIG_HEADERS  = 
  CONFIG_LINKS    = 
  CONFIG_COMMANDS = 
  $ ./config.status 

on thomas-XPS-15-7590

config.status:674: creating config.h
config.status:764: config.h is unchanged

## ---------------- ##
## Cache variables. ##
## ---------------- ##

ac_cv_build=x86_64-pc-linux-gnu
ac_cv_c_compiler_gnu=yes
ac_cv_env_APPINDICATOR_CFLAGS_set=
ac_cv_env_APPINDICATOR_CFLAGS_value=
ac_cv_env_APPINDICATOR_LIBS_set=
ac_cv_env_APPINDICATOR_LIBS_value=
ac_cv_env_CC_set=
ac_cv_env_CC_value=
ac_cv_env_CFLAGS_set=
ac_cv_env_CFLAGS_value=
ac_cv_env_CPPFLAGS_set=
ac_cv_env_CPPFLAGS_value=
ac_cv_env_CPP_set=
ac_cv_env_CPP_value=
ac_cv_env_LDFLAGS_set=
ac_cv_env_LDFLAGS_value=
ac_cv_env_LIBNOTIFY_CFLAGS_set=
ac_cv_env_LIBNOTIFY_CFLAGS_value=
ac_cv_env_LIBNOTIFY_LIBS_set=
ac_cv_env_LIBNOTIFY_LIBS_value=
ac_cv_env_LIBS_set=
ac_cv_env_LIBS_value=
ac_cv_env_PKG_CONFIG_LIBDIR_set=
ac_cv_env_PKG_CONFIG_LIBDIR_value=
ac_cv_env_PKG_CONFIG_PATH_set=
ac_cv_env_PKG_CONFIG_PATH_value=
ac_cv_env_PKG_CONFIG_set=
ac_cv_env_PKG_CONFIG_value=
ac_cv_env_SDL3_CFLAGS_set=
ac_cv_env_SDL3_CFLAGS_value=
ac_cv_env_SDL3_IMAGE_CFLAGS_set=
ac_cv_env_SDL3_IMAGE_CFLAGS_value=
ac_cv_env_SDL3_IMAGE_LIBS_set=
ac_cv_env_SDL3_IMAGE_LIBS_value=
ac_cv_env_SDL3_LIBS_set=
ac_cv_env_SDL3_LIBS_value=
ac_cv_env_SDL3_TTF_CFLAGS_set=
ac_cv_env_SDL3_TTF_CFLAGS_value=
ac_cv_env_SDL3_TTF_LIBS_set=
ac_cv_env_SDL3_TTF_LIBS_value=
ac_cv_env_build_alias_set=
ac_cv_env_build_alias_value=
ac_cv_env_host_alias_set=
ac_cv_env_host_alias_value=
ac_cv_env_target_alias_set=
ac_cv_env_target_alias_value=
ac_cv_header_dlfcn_h=yes
ac_cv_header_inttypes_h=yes
ac_cv_header_stdint_h=yes
ac_cv_header_stdio_h=yes
ac_cv_header_stdlib_h=yes
ac_cv_header_string_h=yes
ac_cv_header_strings_h=yes
ac_cv_header_sys_stat_h=yes
ac_cv_header_sys_types_h=yes
ac_cv_header_unistd_h=yes
ac_cv_host=x86_64-pc-linux-gnu
ac_cv_objext=o
ac_cv_path_EGREP='/usr/bin/grep -E'
ac_cv_path_EGREP_TRADITIONAL='/usr/bin/grep -E'
ac_cv_path_GREP=/usr/bin/grep
ac_cv_path_SED=/usr/bin/sed
ac_cv_path_ac_pt_PKG_CONFIG=/usr/bin/pkg-config
ac_cv_prog_AWK=nawk
ac_cv_prog_CPP='cc -E'
ac_cv_prog_ac_ct_AR=ar
ac_cv_prog_ac_ct_CC=cc
ac_cv_prog_ac_ct_RANLIB=ranlib
ac_cv_prog_ac_ct_STRIP=strip
ac_cv_prog_cc_c11=
ac_cv_prog_cc_g=yes
ac_cv_prog_cc_stdc=
ac_cv_target=x86_64-pc-linux-gnu
lt_cv_deplibs_check_method=pass_all
lt_cv_file_magic_cmd='$MAGIC_CMD'
lt_cv_file_magic_test_file=
lt_cv_ld_reload_flag=-r
lt_cv_objdir=.libs
lt_cv_path_LD=/usr/bin/ld
lt_cv_path_NM='/usr/bin/nm -B'
lt_cv_path_SED=/usr/bin/sed
lt_cv_prog_compiler_c_o=yes
lt_cv_prog_compiler_pic_works=yes
lt_cv_prog_compiler_rtti_exceptions=no
lt_cv_prog_compiler_static_works=no
lt_cv_prog_gnu_ld=yes
lt_cv_sys_global_symbol_pipe='sed -n -e '\''s/^.*[ 	]\([ABCDGIRSTW][ABCDGIRSTW]*\)[ 	][ 	]*\([_A-Za-z][_A-Za-z0-9]*\)$/\1 \2 \2/p'\'''
lt_cv_sys_global_symbol_to_c_name_address='sed -n -e '\''s/^: \([^ ]*\) $/  {\"\1\", (lt_ptr) 0},/p'\'' -e '\''s/^[BCDEGRST] \([^ ]*\) \([^ ]*\)$/  {"\2", (lt_ptr) \&\2},/p'\'''
lt_cv_sys_global_symbol_to_cdecl='sed -n -e '\''s/^. .* \(.*\)$/extern int \1;/p'\'''
lt_cv_sys_lib_dlsearch_path_spec='/lib /usr/lib /usr/lib/x86_64-linux-gnu/libfakeroot /usr/local/lib/i386-linux-gnu /lib/i386-linux-gnu /usr/lib/i386-linux-gnu /usr/local/lib/i686-linux-gnu /lib/i686-linux-gnu /usr/lib/i686-linux-gnu /usr/local/lib /usr/local/lib/x86_64-linux-gnu /lib/x86_64-linux-gnu /usr/lib/x86_64-linux-gnu /lib32 /usr/lib32 '
lt_cv_sys_lib_search_path_spec='/usr/lib/gcc/x86_64-linux-gnu/14 /usr/lib/x86_64-linux-gnu /usr/lib /lib/x86_64-linux-gnu /lib'
lt_cv_sys_max_cmd_len=1572864
lt_lt_cv_prog_compiler_c_o='"yes"'
lt_lt_cv_sys_global_symbol_pipe='"sed -n -e '\''s/^.*[ 	]\\([ABCDGIRSTW][ABCDGIRSTW]*\\)[ 	][ 	]*\\([_A-Za-z][_A-Za-z0-9]*\\)\$/\\1 \\2 \\2/p'\''"'
lt_lt_cv_sys_global_symbol_to_c_name_address='"sed -n -e '\''s/^: \\([^ ]*\\) \$/  {\\\"\\1\\\", (lt_ptr) 0},/p'\'' -e '\''s/^[BCDEGRST] \\([^ ]*\\) \\([^ ]*\\)\$/  {\"\\2\", (lt_ptr) \\&\\2},/p'\''"'
lt_lt_cv_sys_global_symbol_to_cdecl='"sed -n -e '\''s/^. .* \\(.*\\)\$/extern int \\1;/p'\''"'
php_cv_cc_rpath=yes
pkg_cv_APPINDICATOR_CFLAGS='-I/usr/include/libappindicator3-0.1 -I/usr/include/libdbusmenu-glib-0.4 -I/usr/include/gtk-3.0 -I/usr/include/pango-1.0 -I/usr/include/glib-2.0 -I/usr/lib/x86_64-linux-gnu/glib-2.0/include -I/usr/include/sysprof-6 -I/usr/include/harfbuzz -I/usr/include/freetype2 -I/usr/include/libpng16 -I/usr/include/libmount -I/usr/include/blkid -I/usr/include/fribidi -I/usr/include/cairo -I/usr/include/pixman-1 -I/usr/include/gdk-pixbuf-2.0 -I/usr/include/x86_64-linux-gnu -I/usr/include/webp -I/usr/include/gio-unix-2.0 -I/usr/include/atk-1.0 -I/usr/include/at-spi2-atk/2.0 -I/usr/include/at-spi-2.0 -I/usr/include/dbus-1.0 -I/usr/lib/x86_64-linux-gnu/dbus-1.0/include -pthread '
pkg_cv_APPINDICATOR_LIBS='-lappindicator3 -ldbusmenu-glib -lgtk-3 -lgdk-3 -lz -lpangocairo-1.0 -lpango-1.0 -lharfbuzz -latk-1.0 -lcairo-gobject -lcairo -lgdk_pixbuf-2.0 -lgio-2.0 -lgobject-2.0 -lglib-2.0 '
pkg_cv_LIBNOTIFY_CFLAGS='-I/usr/include/gdk-pixbuf-2.0 -I/usr/include/glib-2.0 -I/usr/lib/x86_64-linux-gnu/glib-2.0/include -I/usr/include/sysprof-6 -I/usr/include/libpng16 -I/usr/include/x86_64-linux-gnu -I/usr/include/webp -I/usr/include/libmount -I/usr/include/blkid -pthread '
pkg_cv_LIBNOTIFY_LIBS='-lnotify -lgdk_pixbuf-2.0 -lgio-2.0 -lgobject-2.0 -lglib-2.0 '
pkg_cv_SDL3_CFLAGS='-I/usr/local/include '
pkg_cv_SDL3_IMAGE_CFLAGS='-I/usr/local/include '
pkg_cv_SDL3_IMAGE_LIBS='-L/usr/local/lib -lSDL3_image -Wl,-rpath,/usr/local/lib -Wl,--enable-new-dtags -lSDL3 '
pkg_cv_SDL3_LIBS='-L/usr/local/lib -Wl,-rpath,/usr/local/lib -Wl,--enable-new-dtags -lSDL3 '
pkg_cv_SDL3_TTF_CFLAGS='-I/usr/local/include -I/usr/include/harfbuzz -I/usr/include/freetype2 -I/usr/include/libpng16 -I/usr/include/glib-2.0 -I/usr/lib/x86_64-linux-gnu/glib-2.0/include -I/usr/include/sysprof-6 -pthread '
pkg_cv_SDL3_TTF_LIBS='-L/usr/local/lib -lSDL3_ttf -Wl,-rpath,/usr/local/lib -Wl,--enable-new-dtags -lSDL3 '

## ----------------- ##
## Output variables. ##
## ----------------- ##

APPINDICATOR_CFLAGS='-I/usr/include/libappindicator3-0.1 -I/usr/include/libdbusmenu-glib-0.4 -I/usr/include/gtk-3.0 -I/usr/include/pango-1.0 -I/usr/include/glib-2.0 -I/usr/lib/x86_64-linux-gnu/glib-2.0/include -I/usr/include/sysprof-6 -I/usr/include/harfbuzz -I/usr/include/freetype2 -I/usr/include/libpng16 -I/usr/include/libmount -I/usr/include/blkid -I/usr/include/fribidi -I/usr/include/cairo -I/usr/include/pixman-1 -I/usr/include/gdk-pixbuf-2.0 -I/usr/include/x86_64-linux-gnu -I/usr/include/webp -I/usr/include/gio-unix-2.0 -I/usr/include/atk-1.0 -I/usr/include/at-spi2-atk/2.0 -I/usr/include/at-spi-2.0 -I/usr/include/dbus-1.0 -I/usr/lib/x86_64-linux-gnu/dbus-1.0/include -pthread '
APPINDICATOR_LIBS='-lappindicator3 -ldbusmenu-glib -lgtk-3 -lgdk-3 -lz -lpangocairo-1.0 -lpango-1.0 -lharfbuzz -latk-1.0 -lcairo-gobject -lcairo -lgdk_pixbuf-2.0 -lgio-2.0 -lgobject-2.0 -lglib-2.0 '
AR='ar'
AWK='nawk'
BUILD_CC='cc'
CC='cc'
CFLAGS='-g -O2 -I/usr/local/include  -I/usr/local/include  -I/usr/local/include -I/usr/include/harfbuzz -I/usr/include/freetype2 -I/usr/include/libpng16 -I/usr/include/glib-2.0 -I/usr/lib/x86_64-linux-gnu/glib-2.0/include -I/usr/include/sysprof-6 -pthread  -I/usr/include/gdk-pixbuf-2.0 -I/usr/include/glib-2.0 -I/usr/lib/x86_64-linux-gnu/glib-2.0/include -I/usr/include/sysprof-6 -I/usr/include/libpng16 -I/usr/include/x86_64-linux-gnu -I/usr/include/webp -I/usr/include/libmount -I/usr/include/blkid -pthread  -I/usr/include/libappindicator3-0.1 -I/usr/include/libdbusmenu-glib-0.4 -I/usr/include/gtk-3.0 -I/usr/include/pango-1.0 -I/usr/include/glib-2.0 -I/usr/lib/x86_64-linux-gnu/glib-2.0/include -I/usr/include/sysprof-6 -I/usr/include/harfbuzz -I/usr/include/freetype2 -I/usr/include/libpng16 -I/usr/include/libmount -I/usr/include/blkid -I/usr/include/fribidi -I/usr/include/cairo -I/usr/include/pixman-1 -I/usr/include/gdk-pixbuf-2.0 -I/usr/include/x86_64-linux-gnu -I/usr/include/webp -I/usr/include/gio-unix-2.0 -I/usr/include/atk-1.0 -I/usr/include/at-spi2-atk/2.0 -I/usr/include/at-spi-2.0 -I/usr/include/dbus-1.0 -I/usr/lib/x86_64-linux-gnu/dbus-1.0/include -pthread '
CONFIGURE_COMMAND=' '\''./configure'\'' '
CONFIGURE_OPTIONS=''
CPP='cc -E'
CPPFLAGS=' -DHAVE_CONFIG_H'
DEFS='-DHAVE_CONFIG_H'
DSYMUTIL=''
ECHO='echo'
ECHO_C=''
ECHO_N='-n'
ECHO_T=''
EGREP='/usr/bin/grep -E'
EXEEXT=''
GREP='/usr/bin/grep'
LDFLAGS=' -L/usr/local/lib -Wl,-rpath,/usr/local/lib -Wl,--enable-new-dtags -lSDL3 -pthread -lm  -L/usr/local/lib -lSDL3_image -Wl,-rpath,/usr/local/lib -Wl,--enable-new-dtags -lSDL3 -pthread -lm  -L/usr/local/lib -lSDL3_ttf -Wl,-rpath,/usr/local/lib -Wl,--enable-new-dtags -lSDL3 -pthread -lm -lharfbuzz -pthread -lm -lz -lz -lm -lz -lbrotlicommon -lglib-2.0 -latomic -lm -pthread -lsysprof-capture-4 -pthread -lpcre2-8 -lgraphite2 -lfreetype -lz -lbz2 -lpng16 -lz -lm -lz -lbrotlidec -lbrotlicommon  -lnotify -lgdk_pixbuf-2.0 -lgio-2.0 -lgobject-2.0 -lglib-2.0  -lappindicator3 -ldbusmenu-glib -lgtk-3 -lgdk-3 -lz -lpangocairo-1.0 -lpango-1.0 -lharfbuzz -latk-1.0 -lcairo-gobject -lcairo -lgdk_pixbuf-2.0 -lgio-2.0 -lgobject-2.0 -lglib-2.0 '
LIBNOTIFY_CFLAGS='-I/usr/include/gdk-pixbuf-2.0 -I/usr/include/glib-2.0 -I/usr/lib/x86_64-linux-gnu/glib-2.0/include -I/usr/include/sysprof-6 -I/usr/include/libpng16 -I/usr/include/x86_64-linux-gnu -I/usr/include/webp -I/usr/include/libmount -I/usr/include/blkid -pthread '
LIBNOTIFY_LIBS='-lnotify -lgdk_pixbuf-2.0 -lgio-2.0 -lgobject-2.0 -lglib-2.0 '
LIBOBJS=''
LIBS=''
LIBTOOL='$(SHELL) $(top_builddir)/libtool'
LN_S='ln -s'
LTLIBOBJS=''
NMEDIT=''
OBJEXT='o'
PACKAGE_BUGREPORT=''
PACKAGE_NAME=''
PACKAGE_STRING=''
PACKAGE_TARNAME=''
PACKAGE_URL=''
PACKAGE_VERSION=''
PATH_SEPARATOR=':'
PKG_CONFIG='/usr/bin/pkg-config'
PKG_CONFIG_LIBDIR=''
PKG_CONFIG_PATH=''
RANLIB='ranlib'
SDL3_CFLAGS='-I/usr/local/include '
SDL3_IMAGE_CFLAGS='-I/usr/local/include '
SDL3_IMAGE_LIBS='-L/usr/local/lib -lSDL3_image -Wl,-rpath,/usr/local/lib -Wl,--enable-new-dtags -lSDL3 '
SDL3_LIBS='-L/usr/local/lib -Wl,-rpath,/usr/local/lib -Wl,--enable-new-dtags -lSDL3 '
SDL3_TTF_CFLAGS='-I/usr/local/include -I/usr/include/harfbuzz -I/usr/include/freetype2 -I/usr/include/libpng16 -I/usr/include/glib-2.0 -I/usr/lib/x86_64-linux-gnu/glib-2.0/include -I/usr/include/sysprof-6 -pthread '
SDL3_TTF_LIBS='-L/usr/local/lib -lSDL3_ttf -Wl,-rpath,/usr/local/lib -Wl,--enable-new-dtags -lSDL3 '
SED='/usr/bin/sed'
SHELL='/bin/bash'
SHLIB_DL_SUFFIX_NAME='so'
SHLIB_SUFFIX_NAME='so'
STRIP='strip'
ac_ct_CC='cc'
bindir='${exec_prefix}/bin'
build='x86_64-pc-linux-gnu'
build_alias=''
build_cpu='x86_64'
build_os='linux-gnu'
build_vendor='pc'
datadir='${datarootdir}'
datarootdir='${prefix}/share'
docdir='${datarootdir}/doc/${PACKAGE}'
dvidir='${docdir}'
exec_prefix='$(prefix)'
host='x86_64-pc-linux-gnu'
host_alias='x86_64-pc-linux-gnu'
host_cpu='x86_64'
host_os='linux-gnu'
host_vendor='pc'
htmldir='${docdir}'
includedir='${prefix}/include'
infodir='${datarootdir}/info'
libdir='${exec_prefix}/lib'
libexecdir='${exec_prefix}/libexec'
localedir='${datarootdir}/locale'
localstatedir='${prefix}/var'
mandir='${datarootdir}/man'
oldincludedir='/usr/include'
pdfdir='${docdir}'
prefix='/usr/local'
program_transform_name='s,x,x,'
psdir='${docdir}'
runstatedir='${localstatedir}/run'
sbindir='${exec_prefix}/sbin'
sharedstatedir='${prefix}/com'
sysconfdir='${prefix}/etc'
target='x86_64-pc-linux-gnu'
target_alias=''
target_cpu='x86_64'
target_os='linux-gnu'
target_vendor='pc'

## ----------- ##
## confdefs.h. ##
## ----------- ##

/* confdefs.h */
#define PACKAGE_NAME ""
#define PACKAGE_TARNAME ""
#define PACKAGE_VERSION ""
#define PACKAGE_STRING ""
#define PACKAGE_BUGREPORT ""
#define PACKAGE_URL ""
#define HAVE_LIBNOTIFY 1
#define HAVE_TRAY_APPINDICATOR 1
#define COMPILE_DL_SDL3 1
#define HAVE_STDIO_H 1
#define HAVE_STDLIB_H 1
#define HAVE_STRING_H 1
#define HAVE_INTTYPES_H 1
#define HAVE_STDINT_H 1
#define HAVE_STRINGS_H 1
#define HAVE_SYS_STAT_H 1
#define HAVE_SYS_TYPES_H 1
#define HAVE_UNISTD_H 1
#define STDC_HEADERS 1
#define HAVE_DLFCN_H 1

configure: exit 0
