This file contains any messages produced by compilers while
running configure, to aid debugging if configure makes a mistake.

It was created by configure, which was
generated by GNU Autoconf 2.72.  Invocation command line was

  $ ./configure

## --------- ##
## Platform. ##
## --------- ##

hostname = thomas-XPS-15-7590
uname -m = x86_64
uname -r = 6.14.0-35-generic
uname -s = Linux
uname -v = #35-Ubuntu SMP PREEMPT_DYNAMIC Sat Oct 11 10:06:31 UTC 2025

/usr/bin/uname -p = x86_64
/bin/uname -X     = unknown

/bin/arch              = x86_64
/usr/bin/arch -k       = unknown
/usr/convex/getsysinfo = unknown
/usr/bin/hostinfo      = unknown
/bin/machine           = unknown
/usr/bin/oslevel       = unknown
/bin/universe          = unknown

PATH: /home/thomas/.bun/bin/
PATH: /home/thomas/.bun/bin/
PATH: /home/thomas/.local/bin/
PATH: /home/thomas/.cargo/bin/
PATH: /home/thomas/.deno/bin/
PATH: /usr/local/sbin/
PATH: /usr/local/bin/
PATH: /usr/sbin/
PATH: /usr/bin/
PATH: /sbin/
PATH: /bin/
PATH: /usr/games/
PATH: /usr/local/games/
PATH: /snap/bin/
PATH: /snap/bin/


## ----------- ##
## Core tests. ##
## ----------- ##

configure:2549: looking for aux files: config.guess config.sub
configure:2562:  trying ./build/
configure:2591:   ./build/config.guess found
configure:2591:   ./build/config.sub found
configure:2709: checking for grep that handles long lines and -e
configure:2775: result: /usr/bin/grep
configure:2780: checking for egrep
configure:2850: result: /usr/bin/grep -E
configure:2857: checking for a sed that does not truncate output
configure:2929: result: /usr/bin/sed
configure:3006: checking build system type
configure:3022: result: x86_64-pc-linux-gnu
configure:3042: checking host system type
configure:3057: result: x86_64-pc-linux-gnu
configure:3077: checking target system type
configure:3092: result: x86_64-pc-linux-gnu
configure:3144: checking for gawk
configure:3181: result: no
configure:3144: checking for nawk
configure:3166: found /usr/bin/nawk
configure:3178: result: nawk
configure:3200: checking if nawk is broken
configure:3210: result: no
configure:3286: checking for pkg-config
configure:3309: found /usr/bin/pkg-config
configure:3322: result: /usr/bin/pkg-config
configure:3347: checking pkg-config is at least version 0.9.0
configure:3350: result: yes
configure:3427: checking for cc
configure:3448: found /usr/bin/cc
configure:3460: result: cc
configure:3491: checking for C compiler version
configure:3500: cc --version >&5
cc (Ubuntu 14.2.0-19ubuntu2) 14.2.0
Copyright (C) 2024 Free Software Foundation, Inc.
This is free software; see the source for copying conditions.  There is NO
warranty; not even for MERCHANTABILITY or FITNESS FOR A PARTICULAR PURPOSE.

configure:3511: $? = 0
configure:3500: cc -v >&5
Using built-in specs.
COLLECT_GCC=cc
COLLECT_LTO_WRAPPER=/usr/libexec/gcc/x86_64-linux-gnu/14/lto-wrapper
OFFLOAD_TARGET_NAMES=nvptx-none:amdgcn-amdhsa
OFFLOAD_TARGET_DEFAULT=1
Target: x86_64-linux-gnu
Configured with: ../src/configure -v --with-pkgversion='Ubuntu 14.2.0-19ubuntu2' --with-bugurl=file:///usr/share/doc/gcc-14/README.Bugs --enable-languages=c,ada,c++,go,d,fortran,objc,obj-c++,m2,rust --prefix=/usr --with-gcc-major-version-only --program-suffix=-14 --program-prefix=x86_64-linux-gnu- --enable-shared --enable-linker-build-id --libexecdir=/usr/libexec --without-included-gettext --enable-threads=posix --libdir=/usr/lib --enable-nls --enable-bootstrap --enable-clocale=gnu --enable-libstdcxx-debug --enable-libstdcxx-time=yes --with-default-libstdcxx-abi=new --enable-libstdcxx-backtrace --enable-gnu-unique-object --disable-vtable-verify --enable-plugin --enable-default-pie --with-system-zlib --enable-libphobos-checking=release --with-target-system-zlib=auto --enable-objc-gc=auto --enable-multiarch --disable-werror --enable-cet --with-arch-32=i686 --with-abi=m64 --with-multilib-list=m32,m64,mx32 --enable-multilib --with-tune=generic --enable-offload-targets=nvptx-none=/build/gcc-14-C86vgL/gcc-14-14.2.0/debian/tmp-nvptx/usr,amdgcn-amdhsa=/build/gcc-14-C86vgL/gcc-14-14.2.0/debian/tmp-gcn/usr --enable-offload-defaulted --without-cuda-driver --enable-checking=release --build=x86_64-linux-gnu --host=x86_64-linux-gnu --target=x86_64-linux-gnu --with-build-config=bootstrap-lto-lean --enable-link-serialization=2
Thread model: posix
Supported LTO compression algorithms: zlib zstd
gcc version 14.2.0 (Ubuntu 14.2.0-19ubuntu2) 
... rest of stderr output deleted ...
configure:3511: $? = 0
configure:3500: cc -V >&5
cc: error: unrecognized command-line option '-V'
cc: fatal error: no input files
compilation terminated.
configure:3511: $? = 1
configure:3500: cc -qversion >&5
cc: error: unrecognized command-line option '-qversion'; did you mean '--version'?
cc: fatal error: no input files
compilation terminated.
configure:3511: $? = 1
configure:3500: cc -version >&5
cc: error: unrecognized command-line option '-version'
cc: fatal error: no input files
compilation terminated.
configure:3511: $? = 1
configure:3531: checking whether the C compiler works
configure:3553: cc    conftest.c  >&5
configure:3557: $? = 0
configure:3608: result: yes
configure:3612: checking for C compiler default output file name
configure:3614: result: a.out
configure:3620: checking for suffix of executables
configure:3627: cc -o conftest    conftest.c  >&5
configure:3631: $? = 0
configure:3655: result: 
configure:3679: checking whether we are cross compiling
configure:3687: cc -o conftest    conftest.c  >&5
configure:3691: $? = 0
configure:3698: ./conftest
configure:3702: $? = 0
configure:3717: result: no
configure:3723: checking for suffix of object files
configure:3746: cc -c   conftest.c >&5
configure:3750: $? = 0
configure:3774: result: o
configure:3778: checking whether the compiler supports GNU C
configure:3798: cc -c   conftest.c >&5
configure:3798: $? = 0
configure:3810: result: yes
configure:3821: checking whether cc accepts -g
configure:3842: cc -c -g  conftest.c >&5
configure:3842: $? = 0
configure:3889: result: yes
configure:3909: checking for cc option to enable C11 features
configure:3924: cc  -c -g -O2  conftest.c >&5
configure:3924: $? = 0
configure:3943: result: none needed
configure:4067: checking how to run the C preprocessor
configure:4093: cc -E  conftest.c
configure:4093: $? = 0
configure:4109: cc -E  conftest.c
conftest.c:9:10: fatal error: ac_nonexistent.h: No such file or directory
    9 | #include <ac_nonexistent.h>
      |          ^~~~~~~~~~~~~~~~~~
compilation terminated.
configure:4109: $? = 1
configure: failed program was:
| /* confdefs.h */
| #define PACKAGE_NAME ""
| #define PACKAGE_TARNAME ""
| #define PACKAGE_VERSION ""
| #define PACKAGE_STRING ""
| #define PACKAGE_BUGREPORT ""
| #define PACKAGE_URL ""
| /* end confdefs.h.  */
| #include <ac_nonexistent.h>
configure:4138: result: cc -E
configure:4152: cc -E  conftest.c
configure:4152: $? = 0
configure:4168: cc -E  conftest.c
conftest.c:9:10: fatal error: ac_nonexistent.h: No such file or directory
    9 | #include <ac_nonexistent.h>
      |          ^~~~~~~~~~~~~~~~~~
compilation terminated.
configure:4168: $? = 1
configure: failed program was:
| /* confdefs.h */
| #define PACKAGE_NAME ""
| #define PACKAGE_TARNAME ""
| #define PACKAGE_VERSION ""
| #define PACKAGE_STRING ""
| #define PACKAGE_BUGREPORT ""
| #define PACKAGE_URL ""
| /* end confdefs.h.  */
| #include <ac_nonexistent.h>
configure:4201: checking for egrep -e
configure:4331: result: /usr/bin/grep -E
configure:4337: checking for icc
configure:4347: result: no
configure:4362: checking for suncc
configure:4372: result: no
configure:4391: checking for system library directory
configure:4408: result: lib
configure:4415: checking if compiler supports -Wl,-rpath,
configure:4435: cc -o conftest -g -O2   conftest.c -Wl,-rpath,/usr/lib  >&5
configure:4435: $? = 0
configure:4448: result: yes
configure:4572: checking for PHP prefix
configure:4574: result: /usr/local
configure:4576: checking for PHP includes
configure:4578: result: -I/usr/local/include/php -I/usr/local/include/php/main -I/usr/local/include/php/TSRM -I/usr/local/include/php/Zend -I/usr/local/include/php/ext -I/usr/local/include/php/ext/date/lib
configure:4580: checking for PHP extension directory
configure:4582: result: /usr/local/lib/php/extensions/no-debug-zts-20240924
configure:4584: checking for PHP installed headers prefix
configure:4586: result: /usr/local/include/php
configure:4589: checking if debugging is enabled
configure:4613: result: no
configure:4616: checking if PHP is built with thread safety (ZTS)
configure:4640: result: yes
configure:4717: result: 
configure:4719: result: [1mConfiguring extension[m
configure:4726: checking for sdl3 support
configure:4768: result: yes, shared
configure:4777: checking for sdl3_image support
configure:4819: result: yes, shared
configure:4828: checking for sdl3_ttf support
configure:4870: result: yes, shared
configure:4883: checking for sdl3 >= 3.0.0
configure:4890: $PKG_CONFIG --exists --print-errors "sdl3 >= 3.0.0"
configure:4893: $? = 0
configure:4907: $PKG_CONFIG --exists --print-errors "sdl3 >= 3.0.0"
configure:4910: $? = 0
configure:4952: result: yes
configure:4959: checking for static SDL3 libs
configure:4963: result: -L/usr/local/lib -Wl,-rpath,/usr/local/lib -Wl,--enable-new-dtags -lSDL3 -pthread -lm 
configure:4979: checking for sdl3-image >= 3.0.0
configure:4986: $PKG_CONFIG --exists --print-errors "sdl3-image >= 3.0.0"
configure:4989: $? = 0
configure:5003: $PKG_CONFIG --exists --print-errors "sdl3-image >= 3.0.0"
configure:5006: $? = 0
configure:5048: result: yes
configure:5055: checking for static SDL3_image libs
configure:5059: result: -L/usr/local/lib -lSDL3_image -Wl,-rpath,/usr/local/lib -Wl,--enable-new-dtags -lSDL3 -pthread -lm 
configure:5076: checking for sdl3-ttf >= 3.0.0
configure:5083: $PKG_CONFIG --exists --print-errors "sdl3-ttf >= 3.0.0"
configure:5086: $? = 0
configure:5100: $PKG_CONFIG --exists --print-errors "sdl3-ttf >= 3.0.0"
configure:5103: $? = 0
configure:5145: result: yes
configure:5152: checking for static SDL3_ttf libs
configure:5156: result: -L/usr/local/lib -lSDL3_ttf -Wl,-rpath,/usr/local/lib -Wl,--enable-new-dtags -lSDL3 -pthread -lm -lharfbuzz -pthread -lm -lz -lz -lm -lz -lbrotlicommon -lglib-2.0 -latomic -lm -pthread -lsysprof-capture-4 -pthread -lpcre2-8 -lgraphite2 -lfreetype -lz -lbz2 -lpng16 -lz -lm -lz -lbrotlidec -lbrotlicommon 
configure:5168: checking for libnotify
configure:5175: $PKG_CONFIG --exists --print-errors "libnotify"
configure:5178: $? = 0
configure:5192: $PKG_CONFIG --exists --print-errors "libnotify"
configure:5195: $? = 0
configure:5239: result: yes
configure:5519: result: 
configure:5521: result: [1mConfiguring libtool[m
configure:5609: checking for a sed that does not truncate output
configure:5665: result: /usr/bin/sed
configure:5681: checking for ld used by cc
configure:5750: result: /usr/bin/ld
configure:5757: checking if the linker (/usr/bin/ld) is GNU ld
configure:5774: result: yes
configure:5779: checking for /usr/bin/ld option to reload object files
configure:5788: result: -r
configure:5806: checking for BSD-compatible nm
configure:5857: result: /usr/bin/nm -B
configure:5861: checking whether ln -s works
configure:5865: result: yes
configure:5872: checking how to recognize dependent libraries
configure:6060: result: pass_all
configure:6145: cc -c -g -O2 -I/usr/local/include  -I/usr/local/include  -I/usr/local/include -I/usr/include/harfbuzz -I/usr/include/freetype2 -I/usr/include/libpng16 -I/usr/include/glib-2.0 -I/usr/lib/x86_64-linux-gnu/glib-2.0/include -I/usr/include/sysprof-6 -pthread  -I/usr/include/gdk-pixbuf-2.0 -I/usr/include/glib-2.0 -I/usr/lib/x86_64-linux-gnu/glib-2.0/include -I/usr/include/sysprof-6 -I/usr/include/libpng16 -I/usr/include/x86_64-linux-gnu -I/usr/include/webp -I/usr/include/libmount -I/usr/include/blkid -pthread   conftest.c >&5
configure:6148: $? = 0
configure:6285: checking for stdio.h
configure:6285: cc -c -g -O2 -I/usr/local/include  -I/usr/local/include  -I/usr/local/include -I/usr/include/harfbuzz -I/usr/include/freetype2 -I/usr/include/libpng16 -I/usr/include/glib-2.0 -I/usr/lib/x86_64-linux-gnu/glib-2.0/include -I/usr/include/sysprof-6 -pthread  -I/usr/include/gdk-pixbuf-2.0 -I/usr/include/glib-2.0 -I/usr/lib/x86_64-linux-gnu/glib-2.0/include -I/usr/include/sysprof-6 -I/usr/include/libpng16 -I/usr/include/x86_64-linux-gnu -I/usr/include/webp -I/usr/include/libmount -I/usr/include/blkid -pthread   conftest.c >&5
configure:6285: $? = 0
configure:6285: result: yes
configure:6285: checking for stdlib.h
configure:6285: cc -c -g -O2 -I/usr/local/include  -I/usr/local/include  -I/usr/local/include -I/usr/include/harfbuzz -I/usr/include/freetype2 -I/usr/include/libpng16 -I/usr/include/glib-2.0 -I/usr/lib/x86_64-linux-gnu/glib-2.0/include -I/usr/include/sysprof-6 -pthread  -I/usr/include/gdk-pixbuf-2.0 -I/usr/include/glib-2.0 -I/usr/lib/x86_64-linux-gnu/glib-2.0/include -I/usr/include/sysprof-6 -I/usr/include/libpng16 -I/usr/include/x86_64-linux-gnu -I/usr/include/webp -I/usr/include/libmount -I/usr/include/blkid -pthread   conftest.c >&5
configure:6285: $? = 0
configure:6285: result: yes
configure:6285: checking for string.h
configure:6285: cc -c -g -O2 -I/usr/local/include  -I/usr/local/include  -I/usr/local/include -I/usr/include/harfbuzz -I/usr/include/freetype2 -I/usr/include/libpng16 -I/usr/include/glib-2.0 -I/usr/lib/x86_64-linux-gnu/glib-2.0/include -I/usr/include/sysprof-6 -pthread  -I/usr/include/gdk-pixbuf-2.0 -I/usr/include/glib-2.0 -I/usr/lib/x86_64-linux-gnu/glib-2.0/include -I/usr/include/sysprof-6 -I/usr/include/libpng16 -I/usr/include/x86_64-linux-gnu -I/usr/include/webp -I/usr/include/libmount -I/usr/include/blkid -pthread   conftest.c >&5
configure:6285: $? = 0
configure:6285: result: yes
configure:6285: checking for inttypes.h
configure:6285: cc -c -g -O2 -I/usr/local/include  -I/usr/local/include  -I/usr/local/include -I/usr/include/harfbuzz -I/usr/include/freetype2 -I/usr/include/libpng16 -I/usr/include/glib-2.0 -I/usr/lib/x86_64-linux-gnu/glib-2.0/include -I/usr/include/sysprof-6 -pthread  -I/usr/include/gdk-pixbuf-2.0 -I/usr/include/glib-2.0 -I/usr/lib/x86_64-linux-gnu/glib-2.0/include -I/usr/include/sysprof-6 -I/usr/include/libpng16 -I/usr/include/x86_64-linux-gnu -I/usr/include/webp -I/usr/include/libmount -I/usr/include/blkid -pthread   conftest.c >&5
configure:6285: $? = 0
configure:6285: result: yes
configure:6285: checking for stdint.h
configure:6285: cc -c -g -O2 -I/usr/local/include  -I/usr/local/include  -I/usr/local/include -I/usr/include/harfbuzz -I/usr/include/freetype2 -I/usr/include/libpng16 -I/usr/include/glib-2.0 -I/usr/lib/x86_64-linux-gnu/glib-2.0/include -I/usr/include/sysprof-6 -pthread  -I/usr/include/gdk-pixbuf-2.0 -I/usr/include/glib-2.0 -I/usr/lib/x86_64-linux-gnu/glib-2.0/include -I/usr/include/sysprof-6 -I/usr/include/libpng16 -I/usr/include/x86_64-linux-gnu -I/usr/include/webp -I/usr/include/libmount -I/usr/include/blkid -pthread   conftest.c >&5
configure:6285: $? = 0
configure:6285: result: yes
configure:6285: checking for strings.h
configure:6285: cc -c -g -O2 -I/usr/local/include  -I/usr/local/include  -I/usr/local/include -I/usr/include/harfbuzz -I/usr/include/freetype2 -I/usr/include/libpng16 -I/usr/include/glib-2.0 -I/usr/lib/x86_64-linux-gnu/glib-2.0/include -I/usr/include/sysprof-6 -pthread  -I/usr/include/gdk-pixbuf-2.0 -I/usr/include/glib-2.0 -I/usr/lib/x86_64-linux-gnu/glib-2.0/include -I/usr/include/sysprof-6 -I/usr/include/libpng16 -I/usr/include/x86_64-linux-gnu -I/usr/include/webp -I/usr/include/libmount -I/usr/include/blkid -pthread   conftest.c >&5
configure:6285: $? = 0
configure:6285: result: yes
configure:6285: checking for sys/stat.h
configure:6285: cc -c -g -O2 -I/usr/local/include  -I/usr/local/include  -I/usr/local/include -I/usr/include/harfbuzz -I/usr/include/freetype2 -I/usr/include/libpng16 -I/usr/include/glib-2.0 -I/usr/lib/x86_64-linux-gnu/glib-2.0/include -I/usr/include/sysprof-6 -pthread  -I/usr/include/gdk-pixbuf-2.0 -I/usr/include/glib-2.0 -I/usr/lib/x86_64-linux-gnu/glib-2.0/include -I/usr/include/sysprof-6 -I/usr/include/libpng16 -I/usr/include/x86_64-linux-gnu -I/usr/include/webp -I/usr/include/libmount -I/usr/include/blkid -pthread   conftest.c >&5
configure:6285: $? = 0
configure:6285: result: yes
configure:6285: checking for sys/types.h
configure:6285: cc -c -g -O2 -I/usr/local/include  -I/usr/local/include  -I/usr/local/include -I/usr/include/harfbuzz -I/usr/include/freetype2 -I/usr/include/libpng16 -I/usr/include/glib-2.0 -I/usr/lib/x86_64-linux-gnu/glib-2.0/include -I/usr/include/sysprof-6 -pthread  -I/usr/include/gdk-pixbuf-2.0 -I/usr/include/glib-2.0 -I/usr/lib/x86_64-linux-gnu/glib-2.0/include -I/usr/include/sysprof-6 -I/usr/include/libpng16 -I/usr/include/x86_64-linux-gnu -I/usr/include/webp -I/usr/include/libmount -I/usr/include/blkid -pthread   conftest.c >&5
configure:6285: $? = 0
configure:6285: result: yes
configure:6285: checking for unistd.h
configure:6285: cc -c -g -O2 -I/usr/local/include  -I/usr/local/include  -I/usr/local/include -I/usr/include/harfbuzz -I/usr/include/freetype2 -I/usr/include/libpng16 -I/usr/include/glib-2.0 -I/usr/lib/x86_64-linux-gnu/glib-2.0/include -I/usr/include/sysprof-6 -pthread  -I/usr/include/gdk-pixbuf-2.0 -I/usr/include/glib-2.0 -I/usr/lib/x86_64-linux-gnu/glib-2.0/include -I/usr/include/sysprof-6 -I/usr/include/libpng16 -I/usr/include/x86_64-linux-gnu -I/usr/include/webp -I/usr/include/libmount -I/usr/include/blkid -pthread   conftest.c >&5
configure:6285: $? = 0
configure:6285: result: yes
configure:6310: checking for dlfcn.h
configure:6310: cc -c -g -O2 -I/usr/local/include  -I/usr/local/include  -I/usr/local/include -I/usr/include/harfbuzz -I/usr/include/freetype2 -I/usr/include/libpng16 -I/usr/include/glib-2.0 -I/usr/lib/x86_64-linux-gnu/glib-2.0/include -I/usr/include/sysprof-6 -pthread  -I/usr/include/gdk-pixbuf-2.0 -I/usr/include/glib-2.0 -I/usr/lib/x86_64-linux-gnu/glib-2.0/include -I/usr/include/sysprof-6 -I/usr/include/libpng16 -I/usr/include/x86_64-linux-gnu -I/usr/include/webp -I/usr/include/libmount -I/usr/include/blkid -pthread   conftest.c >&5
configure:6310: $? = 0
configure:6310: result: yes
configure:6329: checking the maximum length of command line arguments
configure:6443: result: 1572864
configure:6455: checking command to parse /usr/bin/nm -B output from cc object
configure:6561: cc -c -g -O2 -I/usr/local/include  -I/usr/local/include  -I/usr/local/include -I/usr/include/harfbuzz -I/usr/include/freetype2 -I/usr/include/libpng16 -I/usr/include/glib-2.0 -I/usr/lib/x86_64-linux-gnu/glib-2.0/include -I/usr/include/sysprof-6 -pthread  -I/usr/include/gdk-pixbuf-2.0 -I/usr/include/glib-2.0 -I/usr/lib/x86_64-linux-gnu/glib-2.0/include -I/usr/include/sysprof-6 -I/usr/include/libpng16 -I/usr/include/x86_64-linux-gnu -I/usr/include/webp -I/usr/include/libmount -I/usr/include/blkid -pthread   conftest.c >&5
configure:6564: $? = 0
configure:6568: /usr/bin/nm -B conftest.o \| sed -n -e 's/^.*[ 	]\([ABCDGIRSTW][ABCDGIRSTW]*\)[ 	][ 	]*\([_A-Za-z][_A-Za-z0-9]*\)$/\1 \2 \2/p' \> conftest.nm
configure:6571: $? = 0
configure:6623: cc -o conftest -g -O2 -I/usr/local/include  -I/usr/local/include  -I/usr/local/include -I/usr/include/harfbuzz -I/usr/include/freetype2 -I/usr/include/libpng16 -I/usr/include/glib-2.0 -I/usr/lib/x86_64-linux-gnu/glib-2.0/include -I/usr/include/sysprof-6 -pthread  -I/usr/include/gdk-pixbuf-2.0 -I/usr/include/glib-2.0 -I/usr/lib/x86_64-linux-gnu/glib-2.0/include -I/usr/include/sysprof-6 -I/usr/include/libpng16 -I/usr/include/x86_64-linux-gnu -I/usr/include/webp -I/usr/include/libmount -I/usr/include/blkid -pthread    -L/usr/local/lib -Wl,-rpath,/usr/local/lib -Wl,--enable-new-dtags -lSDL3 -pthread -lm  -L/usr/local/lib -lSDL3_image -Wl,-rpath,/usr/local/lib -Wl,--enable-new-dtags -lSDL3 -pthread -lm  -L/usr/local/lib -lSDL3_ttf -Wl,-rpath,/usr/local/lib -Wl,--enable-new-dtags -lSDL3 -pthread -lm -lharfbuzz -pthread -lm -lz -lz -lm -lz -lbrotlicommon -lglib-2.0 -latomic -lm -pthread -lsysprof-capture-4 -pthread -lpcre2-8 -lgraphite2 -lfreetype -lz -lbz2 -lpng16 -lz -lm -lz -lbrotlidec -lbrotlicommon  -lnotify -lgdk_pixbuf-2.0 -lgio-2.0 -lgobject-2.0 -lglib-2.0  conftest.c conftstm.o >&5
configure:6626: $? = 0
configure:6665: result: ok
configure:6669: checking for objdir
configure:6686: result: .libs
configure:6784: checking for ar
configure:6805: found /usr/bin/ar
configure:6817: result: ar
configure:6888: checking for ranlib
configure:6909: found /usr/bin/ranlib
configure:6921: result: ranlib
configure:6992: checking for strip
configure:7013: found /usr/bin/strip
configure:7025: result: strip
configure:7628: checking if cc supports -fno-rtti -fno-exceptions
configure:7647: cc -c -g -O2 -I/usr/local/include  -I/usr/local/include  -I/usr/local/include -I/usr/include/harfbuzz -I/usr/include/freetype2 -I/usr/include/libpng16 -I/usr/include/glib-2.0 -I/usr/lib/x86_64-linux-gnu/glib-2.0/include -I/usr/include/sysprof-6 -pthread  -I/usr/include/gdk-pixbuf-2.0 -I/usr/include/glib-2.0 -I/usr/lib/x86_64-linux-gnu/glib-2.0/include -I/usr/include/sysprof-6 -I/usr/include/libpng16 -I/usr/include/x86_64-linux-gnu -I/usr/include/webp -I/usr/include/libmount -I/usr/include/blkid -pthread   -fno-rtti -fno-exceptions conftest.c >&5
cc1: warning: command-line option '-fno-rtti' is valid for C++/D/ObjC++ but not for C
configure:7651: $? = 0
configure:7665: result: no
configure:7680: checking for cc option to produce PIC
configure:7920: result: -fPIC
configure:7928: checking if cc PIC flag -fPIC works
configure:7947: cc -c -g -O2 -I/usr/local/include  -I/usr/local/include  -I/usr/local/include -I/usr/include/harfbuzz -I/usr/include/freetype2 -I/usr/include/libpng16 -I/usr/include/glib-2.0 -I/usr/lib/x86_64-linux-gnu/glib-2.0/include -I/usr/include/sysprof-6 -pthread  -I/usr/include/gdk-pixbuf-2.0 -I/usr/include/glib-2.0 -I/usr/lib/x86_64-linux-gnu/glib-2.0/include -I/usr/include/sysprof-6 -I/usr/include/libpng16 -I/usr/include/x86_64-linux-gnu -I/usr/include/webp -I/usr/include/libmount -I/usr/include/blkid -pthread   -fPIC -DPIC conftest.c >&5
configure:7951: $? = 0
configure:7965: result: yes
configure:7993: checking if cc static flag -static works
configure:8023: result: no
configure:8033: checking if cc supports -c -o file.o
configure:8055: cc -c -g -O2 -I/usr/local/include  -I/usr/local/include  -I/usr/local/include -I/usr/include/harfbuzz -I/usr/include/freetype2 -I/usr/include/libpng16 -I/usr/include/glib-2.0 -I/usr/lib/x86_64-linux-gnu/glib-2.0/include -I/usr/include/sysprof-6 -pthread  -I/usr/include/gdk-pixbuf-2.0 -I/usr/include/glib-2.0 -I/usr/lib/x86_64-linux-gnu/glib-2.0/include -I/usr/include/sysprof-6 -I/usr/include/libpng16 -I/usr/include/x86_64-linux-gnu -I/usr/include/webp -I/usr/include/libmount -I/usr/include/blkid -pthread   -o out/conftest2.o conftest.c >&5
configure:8059: $? = 0
configure:8082: result: yes
configure:8108: checking whether the cc linker (/usr/bin/ld -m elf_x86_64) supports shared libraries
configure:9036: result: yes
configure:9057: checking whether -lc should be explicitly linked in
configure:9062: cc -c -g -O2 -I/usr/local/include  -I/usr/local/include  -I/usr/local/include -I/usr/include/harfbuzz -I/usr/include/freetype2 -I/usr/include/libpng16 -I/usr/include/glib-2.0 -I/usr/lib/x86_64-linux-gnu/glib-2.0/include -I/usr/include/sysprof-6 -pthread  -I/usr/include/gdk-pixbuf-2.0 -I/usr/include/glib-2.0 -I/usr/lib/x86_64-linux-gnu/glib-2.0/include -I/usr/include/sysprof-6 -I/usr/include/libpng16 -I/usr/include/x86_64-linux-gnu -I/usr/include/webp -I/usr/include/libmount -I/usr/include/blkid -pthread   conftest.c >&5
configure:9065: $? = 0
configure:9080: cc -shared conftest.o  -v -Wl,-soname -Wl,conftest -o conftest 2\>\&1 \| grep  -lc  \>/dev/null 2\>\&1
configure:9083: $? = 0
configure:9095: result: no
configure:9103: checking dynamic linker characteristics
configure:9712: result: GNU/Linux ld.so
configure:9740: checking how to hardcode library paths into programs
configure:9765: result: immediate
configure:9779: checking whether stripping libraries is possible
configure:9784: result: yes
configure:10347: checking if libtool supports shared libraries
configure:10349: result: yes
configure:10352: checking whether to build shared libraries
configure:10373: result: yes
configure:10376: checking whether to build static libraries
configure:10380: result: no
configure:10474: result:
creating libtool
configure:14118: result: 
configure:14120: result: [1mGenerating files[m
configure:14237: creating build directories
configure:14242: creating Makefile
configure:14258: patching config.h.in
configure:14269: creating ./config.status

## ---------------------- ##
## Running config.status. ##
## ---------------------- ##

This file was extended by config.status, which was
generated by GNU Autoconf 2.72.  Invocation command line was

  CONFIG_FILES    = 
  CONFIG_HEADERS  = 
  CONFIG_LINKS    = 
  CONFIG_COMMANDS = 
  $ ./config.status 

on thomas-XPS-15-7590

config.status:673: creating config.h
config.status:763: config.h is unchanged

## ---------------- ##
## Cache variables. ##
## ---------------- ##

ac_cv_build=x86_64-pc-linux-gnu
ac_cv_c_compiler_gnu=yes
ac_cv_env_CC_set=
ac_cv_env_CC_value=
ac_cv_env_CFLAGS_set=
ac_cv_env_CFLAGS_value=
ac_cv_env_CPPFLAGS_set=
ac_cv_env_CPPFLAGS_value=
ac_cv_env_CPP_set=
ac_cv_env_CPP_value=
ac_cv_env_LDFLAGS_set=
ac_cv_env_LDFLAGS_value=
ac_cv_env_LIBNOTIFY_CFLAGS_set=
ac_cv_env_LIBNOTIFY_CFLAGS_value=
ac_cv_env_LIBNOTIFY_LIBS_set=
ac_cv_env_LIBNOTIFY_LIBS_value=
ac_cv_env_LIBS_set=
ac_cv_env_LIBS_value=
ac_cv_env_PKG_CONFIG_LIBDIR_set=
ac_cv_env_PKG_CONFIG_LIBDIR_value=
ac_cv_env_PKG_CONFIG_PATH_set=
ac_cv_env_PKG_CONFIG_PATH_value=
ac_cv_env_PKG_CONFIG_set=
ac_cv_env_PKG_CONFIG_value=
ac_cv_env_SDL3_CFLAGS_set=
ac_cv_env_SDL3_CFLAGS_value=
ac_cv_env_SDL3_IMAGE_CFLAGS_set=
ac_cv_env_SDL3_IMAGE_CFLAGS_value=
ac_cv_env_SDL3_IMAGE_LIBS_set=
ac_cv_env_SDL3_IMAGE_LIBS_value=
ac_cv_env_SDL3_LIBS_set=
ac_cv_env_SDL3_LIBS_value=
ac_cv_env_SDL3_TTF_CFLAGS_set=
ac_cv_env_SDL3_TTF_CFLAGS_value=
ac_cv_env_SDL3_TTF_LIBS_set=
ac_cv_env_SDL3_TTF_LIBS_value=
ac_cv_env_build_alias_set=
ac_cv_env_build_alias_value=
ac_cv_env_host_alias_set=
ac_cv_env_host_alias_value=
ac_cv_env_target_alias_set=
ac_cv_env_target_alias_value=
ac_cv_header_dlfcn_h=yes
ac_cv_header_inttypes_h=yes
ac_cv_header_stdint_h=yes
ac_cv_header_stdio_h=yes
ac_cv_header_stdlib_h=yes
ac_cv_header_string_h=yes
ac_cv_header_strings_h=yes
ac_cv_header_sys_stat_h=yes
ac_cv_header_sys_types_h=yes
ac_cv_header_unistd_h=yes
ac_cv_host=x86_64-pc-linux-gnu
ac_cv_objext=o
ac_cv_path_EGREP='/usr/bin/grep -E'
ac_cv_path_EGREP_TRADITIONAL='/usr/bin/grep -E'
ac_cv_path_GREP=/usr/bin/grep
ac_cv_path_SED=/usr/bin/sed
ac_cv_path_ac_pt_PKG_CONFIG=/usr/bin/pkg-config
ac_cv_prog_AWK=nawk
ac_cv_prog_CPP='cc -E'
ac_cv_prog_ac_ct_AR=ar
ac_cv_prog_ac_ct_CC=cc
ac_cv_prog_ac_ct_RANLIB=ranlib
ac_cv_prog_ac_ct_STRIP=strip
ac_cv_prog_cc_c11=
ac_cv_prog_cc_g=yes
ac_cv_prog_cc_stdc=
ac_cv_target=x86_64-pc-linux-gnu
lt_cv_deplibs_check_method=pass_all
lt_cv_file_magic_cmd='$MAGIC_CMD'
lt_cv_file_magic_test_file=
lt_cv_ld_reload_flag=-r
lt_cv_objdir=.libs
lt_cv_path_LD=/usr/bin/ld
lt_cv_path_NM='/usr/bin/nm -B'
lt_cv_path_SED=/usr/bin/sed
lt_cv_prog_compiler_c_o=yes
lt_cv_prog_compiler_pic_works=yes
lt_cv_prog_compiler_rtti_exceptions=no
lt_cv_prog_compiler_static_works=no
lt_cv_prog_gnu_ld=yes
lt_cv_sys_global_symbol_pipe='sed -n -e '\''s/^.*[ 	]\([ABCDGIRSTW][ABCDGIRSTW]*\)[ 	][ 	]*\([_A-Za-z][_A-Za-z0-9]*\)$/\1 \2 \2/p'\'''
lt_cv_sys_global_symbol_to_c_name_address='sed -n -e '\''s/^: \([^ ]*\) $/  {\"\1\", (lt_ptr) 0},/p'\'' -e '\''s/^[BCDEGRST] \([^ ]*\) \([^ ]*\)$/  {"\2", (lt_ptr) \&\2},/p'\'''
lt_cv_sys_global_symbol_to_cdecl='sed -n -e '\''s/^. .* \(.*\)$/extern int \1;/p'\'''
lt_cv_sys_lib_dlsearch_path_spec='/lib /usr/lib /usr/lib/x86_64-linux-gnu/libfakeroot /usr/local/lib/i386-linux-gnu /lib/i386-linux-gnu /usr/lib/i386-linux-gnu /usr/local/lib/i686-linux-gnu /lib/i686-linux-gnu /usr/lib/i686-linux-gnu /usr/local/lib /usr/local/lib/x86_64-linux-gnu /lib/x86_64-linux-gnu /usr/lib/x86_64-linux-gnu /lib32 /usr/lib32 '
lt_cv_sys_lib_search_path_spec='/usr/lib/gcc/x86_64-linux-gnu/14 /usr/lib/x86_64-linux-gnu /usr/lib /lib/x86_64-linux-gnu /lib'
lt_cv_sys_max_cmd_len=1572864
lt_lt_cv_prog_compiler_c_o='"yes"'
lt_lt_cv_sys_global_symbol_pipe='"sed -n -e '\''s/^.*[ 	]\\([ABCDGIRSTW][ABCDGIRSTW]*\\)[ 	][ 	]*\\([_A-Za-z][_A-Za-z0-9]*\\)\$/\\1 \\2 \\2/p'\''"'
lt_lt_cv_sys_global_symbol_to_c_name_address='"sed -n -e '\''s/^: \\([^ ]*\\) \$/  {\\\"\\1\\\", (lt_ptr) 0},/p'\'' -e '\''s/^[BCDEGRST] \\([^ ]*\\) \\([^ ]*\\)\$/  {\"\\2\", (lt_ptr) \\&\\2},/p'\''"'
lt_lt_cv_sys_global_symbol_to_cdecl='"sed -n -e '\''s/^. .* \\(.*\\)\$/extern int \\1;/p'\''"'
php_cv_cc_rpath=yes
pkg_cv_LIBNOTIFY_CFLAGS='-I/usr/include/gdk-pixbuf-2.0 -I/usr/include/glib-2.0 -I/usr/lib/x86_64-linux-gnu/glib-2.0/include -I/usr/include/sysprof-6 -I/usr/include/libpng16 -I/usr/include/x86_64-linux-gnu -I/usr/include/webp -I/usr/include/libmount -I/usr/include/blkid -pthread '
pkg_cv_LIBNOTIFY_LIBS='-lnotify -lgdk_pixbuf-2.0 -lgio-2.0 -lgobject-2.0 -lglib-2.0 '
pkg_cv_SDL3_CFLAGS='-I/usr/local/include '
pkg_cv_SDL3_IMAGE_CFLAGS='-I/usr/local/include '
pkg_cv_SDL3_IMAGE_LIBS='-L/usr/local/lib -lSDL3_image -Wl,-rpath,/usr/local/lib -Wl,--enable-new-dtags -lSDL3 '
pkg_cv_SDL3_LIBS='-L/usr/local/lib -Wl,-rpath,/usr/local/lib -Wl,--enable-new-dtags -lSDL3 '
pkg_cv_SDL3_TTF_CFLAGS='-I/usr/local/include -I/usr/include/harfbuzz -I/usr/include/freetype2 -I/usr/include/libpng16 -I/usr/include/glib-2.0 -I/usr/lib/x86_64-linux-gnu/glib-2.0/include -I/usr/include/sysprof-6 -pthread '
pkg_cv_SDL3_TTF_LIBS='-L/usr/local/lib -lSDL3_ttf -Wl,-rpath,/usr/local/lib -Wl,--enable-new-dtags -lSDL3 '

## ----------------- ##
## Output variables. ##
## ----------------- ##

AR='ar'
AWK='nawk'
BUILD_CC='cc'
CC='cc'
CFLAGS='-g -O2 -I/usr/local/include  -I/usr/local/include  -I/usr/local/include -I/usr/include/harfbuzz -I/usr/include/freetype2 -I/usr/include/libpng16 -I/usr/include/glib-2.0 -I/usr/lib/x86_64-linux-gnu/glib-2.0/include -I/usr/include/sysprof-6 -pthread  -I/usr/include/gdk-pixbuf-2.0 -I/usr/include/glib-2.0 -I/usr/lib/x86_64-linux-gnu/glib-2.0/include -I/usr/include/sysprof-6 -I/usr/include/libpng16 -I/usr/include/x86_64-linux-gnu -I/usr/include/webp -I/usr/include/libmount -I/usr/include/blkid -pthread '
CONFIGURE_COMMAND=' '\''./configure'\'' '
CONFIGURE_OPTIONS=''
CPP='cc -E'
CPPFLAGS=' -DHAVE_CONFIG_H'
DEFS='-DHAVE_CONFIG_H'
DSYMUTIL=''
ECHO='echo'
ECHO_C=''
ECHO_N='-n'
ECHO_T=''
EGREP='/usr/bin/grep -E'
EXEEXT=''
GREP='/usr/bin/grep'
LDFLAGS=' -L/usr/local/lib -Wl,-rpath,/usr/local/lib -Wl,--enable-new-dtags -lSDL3 -pthread -lm  -L/usr/local/lib -lSDL3_image -Wl,-rpath,/usr/local/lib -Wl,--enable-new-dtags -lSDL3 -pthread -lm  -L/usr/local/lib -lSDL3_ttf -Wl,-rpath,/usr/local/lib -Wl,--enable-new-dtags -lSDL3 -pthread -lm -lharfbuzz -pthread -lm -lz -lz -lm -lz -lbrotlicommon -lglib-2.0 -latomic -lm -pthread -lsysprof-capture-4 -pthread -lpcre2-8 -lgraphite2 -lfreetype -lz -lbz2 -lpng16 -lz -lm -lz -lbrotlidec -lbrotlicommon  -lnotify -lgdk_pixbuf-2.0 -lgio-2.0 -lgobject-2.0 -lglib-2.0 '
LIBNOTIFY_CFLAGS='-I/usr/include/gdk-pixbuf-2.0 -I/usr/include/glib-2.0 -I/usr/lib/x86_64-linux-gnu/glib-2.0/include -I/usr/include/sysprof-6 -I/usr/include/libpng16 -I/usr/include/x86_64-linux-gnu -I/usr/include/webp -I/usr/include/libmount -I/usr/include/blkid -pthread '
LIBNOTIFY_LIBS='-lnotify -lgdk_pixbuf-2.0 -lgio-2.0 -lgobject-2.0 -lglib-2.0 '
LIBOBJS=''
LIBS=''
LIBTOOL='$(SHELL) $(top_builddir)/libtool'
LN_S='ln -s'
LTLIBOBJS=''
NMEDIT=''
OBJEXT='o'
PACKAGE_BUGREPORT=''
PACKAGE_NAME=''
PACKAGE_STRING=''
PACKAGE_TARNAME=''
PACKAGE_URL=''
PACKAGE_VERSION=''
PATH_SEPARATOR=':'
PKG_CONFIG='/usr/bin/pkg-config'
PKG_CONFIG_LIBDIR=''
PKG_CONFIG_PATH=''
RANLIB='ranlib'
SDL3_CFLAGS='-I/usr/local/include '
SDL3_IMAGE_CFLAGS='-I/usr/local/include '
SDL3_IMAGE_LIBS='-L/usr/local/lib -lSDL3_image -Wl,-rpath,/usr/local/lib -Wl,--enable-new-dtags -lSDL3 '
SDL3_LIBS='-L/usr/local/lib -Wl,-rpath,/usr/local/lib -Wl,--enable-new-dtags -lSDL3 '
SDL3_TTF_CFLAGS='-I/usr/local/include -I/usr/include/harfbuzz -I/usr/include/freetype2 -I/usr/include/libpng16 -I/usr/include/glib-2.0 -I/usr/lib/x86_64-linux-gnu/glib-2.0/include -I/usr/include/sysprof-6 -pthread '
SDL3_TTF_LIBS='-L/usr/local/lib -lSDL3_ttf -Wl,-rpath,/usr/local/lib -Wl,--enable-new-dtags -lSDL3 '
SED='/usr/bin/sed'
SHELL='/bin/bash'
SHLIB_DL_SUFFIX_NAME='so'
SHLIB_SUFFIX_NAME='so'
STRIP='strip'
ac_ct_CC='cc'
bindir='${exec_prefix}/bin'
build='x86_64-pc-linux-gnu'
build_alias=''
build_cpu='x86_64'
build_os='linux-gnu'
build_vendor='pc'
datadir='${datarootdir}'
datarootdir='${prefix}/share'
docdir='${datarootdir}/doc/${PACKAGE}'
dvidir='${docdir}'
exec_prefix='$(prefix)'
host='x86_64-pc-linux-gnu'
host_alias='x86_64-pc-linux-gnu'
host_cpu='x86_64'
host_os='linux-gnu'
host_vendor='pc'
htmldir='${docdir}'
includedir='${prefix}/include'
infodir='${datarootdir}/info'
libdir='${exec_prefix}/lib'
libexecdir='${exec_prefix}/libexec'
localedir='${datarootdir}/locale'
localstatedir='${prefix}/var'
mandir='${datarootdir}/man'
oldincludedir='/usr/include'
pdfdir='${docdir}'
prefix='/usr/local'
program_transform_name='s,x,x,'
psdir='${docdir}'
runstatedir='${localstatedir}/run'
sbindir='${exec_prefix}/sbin'
sharedstatedir='${prefix}/com'
sysconfdir='${prefix}/etc'
target='x86_64-pc-linux-gnu'
target_alias=''
target_cpu='x86_64'
target_os='linux-gnu'
target_vendor='pc'

## ----------- ##
## confdefs.h. ##
## ----------- ##

/* confdefs.h */
#define PACKAGE_NAME ""
#define PACKAGE_TARNAME ""
#define PACKAGE_VERSION ""
#define PACKAGE_STRING ""
#define PACKAGE_BUGREPORT ""
#define PACKAGE_URL ""
#define HAVE_LIBNOTIFY 1
#define COMPILE_DL_SDL3 1
#define HAVE_STDIO_H 1
#define HAVE_STDLIB_H 1
#define HAVE_STRING_H 1
#define HAVE_INTTYPES_H 1
#define HAVE_STDINT_H 1
#define HAVE_STRINGS_H 1
#define HAVE_SYS_STAT_H 1
#define HAVE_SYS_TYPES_H 1
#define HAVE_UNISTD_H 1
#define STDC_HEADERS 1
#define HAVE_DLFCN_H 1

configure: exit 0
